2014-12-04 09:07:00 [127.0.0.1][][-][error][yii\web\HttpException:404] exception 'yii\base\InvalidRouteException' with message 'Unable to resolve the request "site*".' in D:\xampp\htdocs\advanced\vendor\yiisoft\yii2\base\Module.php:461
Stack trace:
#0 D:\xampp\htdocs\advanced\vendor\yiisoft\yii2\web\Application.php(83): yii\base\Module->runAction('site*', Array)
#1 D:\xampp\htdocs\advanced\vendor\yiisoft\yii2\base\Application.php(375): yii\web\Application->handleRequest(Object(yii\web\Request))
#2 D:\xampp\htdocs\advanced\backend\web\index.php(18): yii\base\Application->run()
#3 {main}

Next exception 'yii\web\NotFoundHttpException' with message 'Unable to resolve the request "site*".' in D:\xampp\htdocs\advanced\vendor\yiisoft\yii2\web\Application.php:95
Stack trace:
#0 D:\xampp\htdocs\advanced\vendor\yiisoft\yii2\base\Application.php(375): yii\web\Application->handleRequest(Object(yii\web\Request))
#1 D:\xampp\htdocs\advanced\backend\web\index.php(18): yii\base\Application->run()
#2 {main}
2014-12-04 09:07:00 [127.0.0.1][][-][info][application] $_GET = [
    'r' => 'site*'
]

$_COOKIE = [
    'AJSTAT_ok_times' => '1'
    '_ga' => 'GA1.1.54924247.1416566351'
    '__zpspc' => '9.2.1416813744.1416814460.10#4|||||#'
    'PHPSESSID' => 'ge28mm5bvi4ci6eve5br9nkvh4'
    '_csrf' => '958ebff564d3ac9be92706e867b84b4f798426e8eb4223f91e19cc852456d2f6s:32:\"30cXowDaGo8Ek6m_UorcRB5TbJR0umrZ\";'
]

$_SESSION = [
    '__flash' => []
    '__returnUrl' => '/advanced/backend/web/'
]

$_SERVER = [
    'MIBDIRS' => 'D:/xampp/php/extras/mibs'
    'MYSQL_HOME' => '\\xampp\\mysql\\bin'
    'OPENSSL_CONF' => 'D:/xampp/apache/bin/openssl.cnf'
    'PHP_PEAR_SYSCONF_DIR' => '\\xampp\\php'
    'PHPRC' => '\\xampp\\php'
    'TMP' => '\\xampp\\tmp'
    'HTTP_HOST' => 'localhost'
    'HTTP_CONNECTION' => 'keep-alive'
    'HTTP_ACCEPT' => 'text/html,application/xhtml+xml,application/xml;q=0.9,image/webp,*/*;q=0.8'
    'HTTP_USER_AGENT' => 'Mozilla/5.0 (Windows NT 6.1; WOW64) AppleWebKit/537.36 (KHTML, like Gecko) Chrome/31.0.1650.57 Safari/537.36'
    'HTTP_ACCEPT_ENCODING' => 'gzip,deflate,sdch'
    'HTTP_ACCEPT_LANGUAGE' => 'zh-CN,zh;q=0.8,en;q=0.6'
    'HTTP_COOKIE' => 'AJSTAT_ok_times=1; _ga=GA1.1.54924247.1416566351; __zpspc=9.2.1416813744.1416814460.10%234%7C%7C%7C%7C%7C%23; PHPSESSID=ge28mm5bvi4ci6eve5br9nkvh4; _csrf=958ebff564d3ac9be92706e867b84b4f798426e8eb4223f91e19cc852456d2f6s%3A32%3A%2230cXowDaGo8Ek6m_UorcRB5TbJR0umrZ%22%3B'
    'PATH' => 'C:\\ProgramData\\Oracle\\Java\\javapath;C:\\Program Files (x86)\\NVIDIA Corporation\\PhysX\\Common;D:\\xampp\\php\\php.exe;D:\\Program Files\\Java\\jdk1.8.0_25\\bin;D:\\Program Files\\Java\\jdk1.8.0_25\\jre\\bin'
    'SystemRoot' => 'C:\\Windows'
    'COMSPEC' => 'C:\\Windows\\system32\\cmd.exe'
    'PATHEXT' => '.COM;.EXE;.BAT;.CMD;.VBS;.VBE;.JS;.JSE;.WSF;.WSH;.MSC'
    'WINDIR' => 'C:\\Windows'
    'SERVER_SIGNATURE' => '<address>Apache/2.4.4 (Win32) OpenSSL/1.0.1e PHP/5.5.1 Server at localhost Port 80</address>
'
    'SERVER_SOFTWARE' => 'Apache/2.4.4 (Win32) OpenSSL/1.0.1e PHP/5.5.1'
    'SERVER_NAME' => 'localhost'
    'SERVER_ADDR' => '127.0.0.1'
    'SERVER_PORT' => '80'
    'REMOTE_HOST' => 'ÇØ³å³å'
    'REMOTE_ADDR' => '127.0.0.1'
    'DOCUMENT_ROOT' => 'D:/xampp/htdocs/'
    'REQUEST_SCHEME' => 'http'
    'CONTEXT_PREFIX' => ''
    'CONTEXT_DOCUMENT_ROOT' => 'D:/xampp/htdocs/'
    'SERVER_ADMIN' => 'postmaster@localhost'
    'SCRIPT_FILENAME' => 'D:/xampp/htdocs/advanced/backend/web/index.php'
    'REMOTE_PORT' => '58399'
    'GATEWAY_INTERFACE' => 'CGI/1.1'
    'SERVER_PROTOCOL' => 'HTTP/1.1'
    'REQUEST_METHOD' => 'GET'
    'QUERY_STRING' => 'r=site%2a'
    'REQUEST_URI' => '/advanced/backend/web/index.php?r=site%2a'
    'SCRIPT_NAME' => '/advanced/backend/web/index.php'
    'PHP_SELF' => '/advanced/backend/web/index.php'
    'REQUEST_TIME_FLOAT' => 1417680420.177
    'REQUEST_TIME' => 1417680420
]
2014-12-04 09:07:10 [127.0.0.1][][-][error][yii\web\HttpException:404] exception 'yii\base\InvalidRouteException' with message 'Unable to resolve the request "sitea".' in D:\xampp\htdocs\advanced\vendor\yiisoft\yii2\base\Module.php:461
Stack trace:
#0 D:\xampp\htdocs\advanced\vendor\yiisoft\yii2\web\Application.php(83): yii\base\Module->runAction('sitea', Array)
#1 D:\xampp\htdocs\advanced\vendor\yiisoft\yii2\base\Application.php(375): yii\web\Application->handleRequest(Object(yii\web\Request))
#2 D:\xampp\htdocs\advanced\backend\web\index.php(18): yii\base\Application->run()
#3 {main}

Next exception 'yii\web\NotFoundHttpException' with message 'Unable to resolve the request "sitea".' in D:\xampp\htdocs\advanced\vendor\yiisoft\yii2\web\Application.php:95
Stack trace:
#0 D:\xampp\htdocs\advanced\vendor\yiisoft\yii2\base\Application.php(375): yii\web\Application->handleRequest(Object(yii\web\Request))
#1 D:\xampp\htdocs\advanced\backend\web\index.php(18): yii\base\Application->run()
#2 {main}
2014-12-04 09:07:10 [127.0.0.1][][-][info][application] $_GET = [
    'r' => 'sitea'
]

$_COOKIE = [
    'AJSTAT_ok_times' => '1'
    '_ga' => 'GA1.1.54924247.1416566351'
    '__zpspc' => '9.2.1416813744.1416814460.10#4|||||#'
    'PHPSESSID' => 'ge28mm5bvi4ci6eve5br9nkvh4'
    '_csrf' => '958ebff564d3ac9be92706e867b84b4f798426e8eb4223f91e19cc852456d2f6s:32:\"30cXowDaGo8Ek6m_UorcRB5TbJR0umrZ\";'
]

$_SESSION = [
    '__flash' => []
    '__returnUrl' => '/advanced/backend/web/'
]

$_SERVER = [
    'MIBDIRS' => 'D:/xampp/php/extras/mibs'
    'MYSQL_HOME' => '\\xampp\\mysql\\bin'
    'OPENSSL_CONF' => 'D:/xampp/apache/bin/openssl.cnf'
    'PHP_PEAR_SYSCONF_DIR' => '\\xampp\\php'
    'PHPRC' => '\\xampp\\php'
    'TMP' => '\\xampp\\tmp'
    'HTTP_HOST' => 'localhost'
    'HTTP_CONNECTION' => 'keep-alive'
    'HTTP_ACCEPT' => 'text/html,application/xhtml+xml,application/xml;q=0.9,image/webp,*/*;q=0.8'
    'HTTP_USER_AGENT' => 'Mozilla/5.0 (Windows NT 6.1; WOW64) AppleWebKit/537.36 (KHTML, like Gecko) Chrome/31.0.1650.57 Safari/537.36'
    'HTTP_ACCEPT_ENCODING' => 'gzip,deflate,sdch'
    'HTTP_ACCEPT_LANGUAGE' => 'zh-CN,zh;q=0.8,en;q=0.6'
    'HTTP_COOKIE' => 'AJSTAT_ok_times=1; _ga=GA1.1.54924247.1416566351; __zpspc=9.2.1416813744.1416814460.10%234%7C%7C%7C%7C%7C%23; PHPSESSID=ge28mm5bvi4ci6eve5br9nkvh4; _csrf=958ebff564d3ac9be92706e867b84b4f798426e8eb4223f91e19cc852456d2f6s%3A32%3A%2230cXowDaGo8Ek6m_UorcRB5TbJR0umrZ%22%3B'
    'PATH' => 'C:\\ProgramData\\Oracle\\Java\\javapath;C:\\Program Files (x86)\\NVIDIA Corporation\\PhysX\\Common;D:\\xampp\\php\\php.exe;D:\\Program Files\\Java\\jdk1.8.0_25\\bin;D:\\Program Files\\Java\\jdk1.8.0_25\\jre\\bin'
    'SystemRoot' => 'C:\\Windows'
    'COMSPEC' => 'C:\\Windows\\system32\\cmd.exe'
    'PATHEXT' => '.COM;.EXE;.BAT;.CMD;.VBS;.VBE;.JS;.JSE;.WSF;.WSH;.MSC'
    'WINDIR' => 'C:\\Windows'
    'SERVER_SIGNATURE' => '<address>Apache/2.4.4 (Win32) OpenSSL/1.0.1e PHP/5.5.1 Server at localhost Port 80</address>
'
    'SERVER_SOFTWARE' => 'Apache/2.4.4 (Win32) OpenSSL/1.0.1e PHP/5.5.1'
    'SERVER_NAME' => 'localhost'
    'SERVER_ADDR' => '127.0.0.1'
    'SERVER_PORT' => '80'
    'REMOTE_HOST' => 'ÇØ³å³å'
    'REMOTE_ADDR' => '127.0.0.1'
    'DOCUMENT_ROOT' => 'D:/xampp/htdocs/'
    'REQUEST_SCHEME' => 'http'
    'CONTEXT_PREFIX' => ''
    'CONTEXT_DOCUMENT_ROOT' => 'D:/xampp/htdocs/'
    'SERVER_ADMIN' => 'postmaster@localhost'
    'SCRIPT_FILENAME' => 'D:/xampp/htdocs/advanced/backend/web/index.php'
    'REMOTE_PORT' => '58404'
    'GATEWAY_INTERFACE' => 'CGI/1.1'
    'SERVER_PROTOCOL' => 'HTTP/1.1'
    'REQUEST_METHOD' => 'GET'
    'QUERY_STRING' => 'r=sitea'
    'REQUEST_URI' => '/advanced/backend/web/index.php?r=sitea'
    'SCRIPT_NAME' => '/advanced/backend/web/index.php'
    'PHP_SELF' => '/advanced/backend/web/index.php'
    'REQUEST_TIME_FLOAT' => 1417680430.958
    'REQUEST_TIME' => 1417680430
]
2014-12-04 09:07:16 [127.0.0.1][][-][error][yii\web\HttpException:404] exception 'yii\base\InvalidRouteException' with message 'Unable to resolve the request: site/a' in D:\xampp\htdocs\advanced\vendor\yiisoft\yii2\base\Controller.php:122
Stack trace:
#0 D:\xampp\htdocs\advanced\vendor\yiisoft\yii2\base\Module.php(455): yii\base\Controller->runAction('a', Array)
#1 D:\xampp\htdocs\advanced\vendor\yiisoft\yii2\web\Application.php(83): yii\base\Module->runAction('site/a', Array)
#2 D:\xampp\htdocs\advanced\vendor\yiisoft\yii2\base\Application.php(375): yii\web\Application->handleRequest(Object(yii\web\Request))
#3 D:\xampp\htdocs\advanced\backend\web\index.php(18): yii\base\Application->run()
#4 {main}

Next exception 'yii\web\NotFoundHttpException' with message 'Unable to resolve the request: site/a' in D:\xampp\htdocs\advanced\vendor\yiisoft\yii2\web\Application.php:95
Stack trace:
#0 D:\xampp\htdocs\advanced\vendor\yiisoft\yii2\base\Application.php(375): yii\web\Application->handleRequest(Object(yii\web\Request))
#1 D:\xampp\htdocs\advanced\backend\web\index.php(18): yii\base\Application->run()
#2 {main}
2014-12-04 09:07:16 [127.0.0.1][][-][info][application] $_GET = [
    'r' => 'site/a'
]

$_COOKIE = [
    'AJSTAT_ok_times' => '1'
    '_ga' => 'GA1.1.54924247.1416566351'
    '__zpspc' => '9.2.1416813744.1416814460.10#4|||||#'
    'PHPSESSID' => 'ge28mm5bvi4ci6eve5br9nkvh4'
    '_csrf' => '958ebff564d3ac9be92706e867b84b4f798426e8eb4223f91e19cc852456d2f6s:32:\"30cXowDaGo8Ek6m_UorcRB5TbJR0umrZ\";'
]

$_SESSION = [
    '__flash' => []
    '__returnUrl' => '/advanced/backend/web/'
]

$_SERVER = [
    'MIBDIRS' => 'D:/xampp/php/extras/mibs'
    'MYSQL_HOME' => '\\xampp\\mysql\\bin'
    'OPENSSL_CONF' => 'D:/xampp/apache/bin/openssl.cnf'
    'PHP_PEAR_SYSCONF_DIR' => '\\xampp\\php'
    'PHPRC' => '\\xampp\\php'
    'TMP' => '\\xampp\\tmp'
    'HTTP_HOST' => 'localhost'
    'HTTP_CONNECTION' => 'keep-alive'
    'HTTP_ACCEPT' => 'text/html,application/xhtml+xml,application/xml;q=0.9,image/webp,*/*;q=0.8'
    'HTTP_USER_AGENT' => 'Mozilla/5.0 (Windows NT 6.1; WOW64) AppleWebKit/537.36 (KHTML, like Gecko) Chrome/31.0.1650.57 Safari/537.36'
    'HTTP_ACCEPT_ENCODING' => 'gzip,deflate,sdch'
    'HTTP_ACCEPT_LANGUAGE' => 'zh-CN,zh;q=0.8,en;q=0.6'
    'HTTP_COOKIE' => 'AJSTAT_ok_times=1; _ga=GA1.1.54924247.1416566351; __zpspc=9.2.1416813744.1416814460.10%234%7C%7C%7C%7C%7C%23; PHPSESSID=ge28mm5bvi4ci6eve5br9nkvh4; _csrf=958ebff564d3ac9be92706e867b84b4f798426e8eb4223f91e19cc852456d2f6s%3A32%3A%2230cXowDaGo8Ek6m_UorcRB5TbJR0umrZ%22%3B'
    'PATH' => 'C:\\ProgramData\\Oracle\\Java\\javapath;C:\\Program Files (x86)\\NVIDIA Corporation\\PhysX\\Common;D:\\xampp\\php\\php.exe;D:\\Program Files\\Java\\jdk1.8.0_25\\bin;D:\\Program Files\\Java\\jdk1.8.0_25\\jre\\bin'
    'SystemRoot' => 'C:\\Windows'
    'COMSPEC' => 'C:\\Windows\\system32\\cmd.exe'
    'PATHEXT' => '.COM;.EXE;.BAT;.CMD;.VBS;.VBE;.JS;.JSE;.WSF;.WSH;.MSC'
    'WINDIR' => 'C:\\Windows'
    'SERVER_SIGNATURE' => '<address>Apache/2.4.4 (Win32) OpenSSL/1.0.1e PHP/5.5.1 Server at localhost Port 80</address>
'
    'SERVER_SOFTWARE' => 'Apache/2.4.4 (Win32) OpenSSL/1.0.1e PHP/5.5.1'
    'SERVER_NAME' => 'localhost'
    'SERVER_ADDR' => '127.0.0.1'
    'SERVER_PORT' => '80'
    'REMOTE_HOST' => 'ÇØ³å³å'
    'REMOTE_ADDR' => '127.0.0.1'
    'DOCUMENT_ROOT' => 'D:/xampp/htdocs/'
    'REQUEST_SCHEME' => 'http'
    'CONTEXT_PREFIX' => ''
    'CONTEXT_DOCUMENT_ROOT' => 'D:/xampp/htdocs/'
    'SERVER_ADMIN' => 'postmaster@localhost'
    'SCRIPT_FILENAME' => 'D:/xampp/htdocs/advanced/backend/web/index.php'
    'REMOTE_PORT' => '58408'
    'GATEWAY_INTERFACE' => 'CGI/1.1'
    'SERVER_PROTOCOL' => 'HTTP/1.1'
    'REQUEST_METHOD' => 'GET'
    'QUERY_STRING' => 'r=site/a'
    'REQUEST_URI' => '/advanced/backend/web/index.php?r=site/a'
    'SCRIPT_NAME' => '/advanced/backend/web/index.php'
    'PHP_SELF' => '/advanced/backend/web/index.php'
    'REQUEST_TIME_FLOAT' => 1417680436.632
    'REQUEST_TIME' => 1417680436
]
2014-12-05 01:48:55 [127.0.0.1][-][-][error][yii\base\UnknownClassException] exception 'yii\base\UnknownClassException' with message 'Unable to find 'backend\controllers\IndexController' in file: D:\xampp\htdocs\one\myweike\advanced/backend/controllers/IndexController.php. Namespace missing?' in D:\xampp\htdocs\one\myweike\advanced\vendor\yiisoft\yii2\BaseYii.php:291
Stack trace:
#0 [internal function]: yii\BaseYii::autoload('backend\control...')
#1 [internal function]: spl_autoload_call('backend\control...')
#2 D:\xampp\htdocs\one\myweike\advanced\vendor\yiisoft\yii2\base\Module.php(563): class_exists('backend\control...')
#3 D:\xampp\htdocs\one\myweike\advanced\vendor\yiisoft\yii2\base\Module.php(521): yii\base\Module->createControllerByID('index')
#4 D:\xampp\htdocs\one\myweike\advanced\vendor\yiisoft\yii2\base\Module.php(449): yii\base\Module->createController('index/index')
#5 D:\xampp\htdocs\one\myweike\advanced\vendor\yiisoft\yii2\web\Application.php(83): yii\base\Module->runAction('index/index', Array)
#6 D:\xampp\htdocs\one\myweike\advanced\vendor\yiisoft\yii2\base\Application.php(375): yii\web\Application->handleRequest(Object(yii\web\Request))
#7 D:\xampp\htdocs\one\myweike\advanced\backend\web\index.php(18): yii\base\Application->run()
#8 {main}
2014-12-05 01:48:55 [127.0.0.1][-][-][info][application] $_GET = [
    'r' => 'index/index'
]

$_COOKIE = [
    'PHPSESSID' => 'ips5h2bqebglmju8ee1p6ovot3'
    '_csrf' => '44f26831537b3b5386a4362bcacce8be440072358d159da987145df51d612dfbs:32:\"NJ5OBF0NzdE2qu4YOL2itxjoxdd2yULL\";'
]

$_SERVER = [
    'MIBDIRS' => 'D:/xampp/php/extras/mibs'
    'MYSQL_HOME' => '\\xampp\\mysql\\bin'
    'OPENSSL_CONF' => 'D:/xampp/apache/bin/openssl.cnf'
    'PHP_PEAR_SYSCONF_DIR' => '\\xampp\\php'
    'PHPRC' => '\\xampp\\php'
    'TMP' => '\\xampp\\tmp'
    'HTTP_HOST' => 'localhost'
    'HTTP_USER_AGENT' => 'Mozilla/5.0 (Windows NT 6.1; WOW64; rv:34.0) Gecko/20100101 Firefox/34.0'
    'HTTP_ACCEPT' => 'text/html,application/xhtml+xml,application/xml;q=0.9,*/*;q=0.8'
    'HTTP_ACCEPT_LANGUAGE' => 'zh-cn,zh;q=0.8,en-us;q=0.5,en;q=0.3'
    'HTTP_ACCEPT_ENCODING' => 'gzip, deflate'
    'HTTP_COOKIE' => 'PHPSESSID=ips5h2bqebglmju8ee1p6ovot3; _csrf=44f26831537b3b5386a4362bcacce8be440072358d159da987145df51d612dfbs%3A32%3A%22NJ5OBF0NzdE2qu4YOL2itxjoxdd2yULL%22%3B'
    'HTTP_CONNECTION' => 'keep-alive'
    'PATH' => 'C:\\Program Files\\Broadcom\\Broadcom 802.11 Network Adapter\\Driver;D:\\web\\php\\;C:\\Windows\\system32;C:\\Windows;C:\\Windows\\System32\\Wbem;C:\\Windows\\System32\\WindowsPowerShell\\v1.0\\;D:\\Program Files (x86)\\SVN\\bin;D:\\web\\mysql\\bin;D:\\Program Files\\Java\\jdk1.8.0_25\\bin;D:\\Program Files\\Java\\jdk1.8.0_25\\jre\\bin;D:\\Program Files\\TortoiseGit\\bin;C:\\ProgramData\\ComposerSetup\\bin'
    'SystemRoot' => 'C:\\Windows'
    'COMSPEC' => 'C:\\Windows\\system32\\cmd.exe'
    'PATHEXT' => '.COM;.EXE;.BAT;.CMD;.VBS;.VBE;.JS;.JSE;.WSF;.WSH;.MSC'
    'WINDIR' => 'C:\\Windows'
    'SERVER_SIGNATURE' => '<address>Apache/2.4.4 (Win32) OpenSSL/1.0.1e PHP/5.5.1 Server at localhost Port 80</address>
'
    'SERVER_SOFTWARE' => 'Apache/2.4.4 (Win32) OpenSSL/1.0.1e PHP/5.5.1'
    'SERVER_NAME' => 'localhost'
    'SERVER_ADDR' => '127.0.0.1'
    'SERVER_PORT' => '80'
    'REMOTE_ADDR' => '127.0.0.1'
    'DOCUMENT_ROOT' => 'D:/xampp/htdocs'
    'REQUEST_SCHEME' => 'http'
    'CONTEXT_PREFIX' => ''
    'CONTEXT_DOCUMENT_ROOT' => 'D:/xampp/htdocs'
    'SERVER_ADMIN' => 'postmaster@localhost'
    'SCRIPT_FILENAME' => 'D:/xampp/htdocs/one/myweike/advanced/backend/web/index.php'
    'REMOTE_PORT' => '51384'
    'GATEWAY_INTERFACE' => 'CGI/1.1'
    'SERVER_PROTOCOL' => 'HTTP/1.1'
    'REQUEST_METHOD' => 'GET'
    'QUERY_STRING' => 'r=index/index'
    'REQUEST_URI' => '/one/myweike/advanced/backend/web/index.php?r=index/index'
    'SCRIPT_NAME' => '/one/myweike/advanced/backend/web/index.php'
    'PHP_SELF' => '/one/myweike/advanced/backend/web/index.php'
    'REQUEST_TIME_FLOAT' => 1417740535.271
    'REQUEST_TIME' => 1417740535
]
2014-12-05 01:49:36 [127.0.0.1][-][-][error][yii\base\InvalidParamException] exception 'yii\base\InvalidParamException' with message 'The view file does not exist: D:\xampp\htdocs\one\myweike\advanced\backend\views\index\index.php' in D:\xampp\htdocs\one\myweike\advanced\vendor\yiisoft\yii2\base\View.php:226
Stack trace:
#0 D:\xampp\htdocs\one\myweike\advanced\vendor\yiisoft\yii2\base\View.php(149): yii\base\View->renderFile('D:\xampp\htdocs...', Array, Object(backend\controllers\IndexController))
#1 D:\xampp\htdocs\one\myweike\advanced\vendor\yiisoft\yii2\base\Controller.php(386): yii\base\View->render('index', Array, Object(backend\controllers\IndexController))
#2 D:\xampp\htdocs\one\myweike\advanced\backend\controllers\IndexController.php(11): yii\base\Controller->renderPartial('index')
#3 [internal function]: backend\controllers\IndexController->actionIndex()
#4 D:\xampp\htdocs\one\myweike\advanced\vendor\yiisoft\yii2\base\InlineAction.php(55): call_user_func_array(Array, Array)
#5 D:\xampp\htdocs\one\myweike\advanced\vendor\yiisoft\yii2\base\Controller.php(151): yii\base\InlineAction->runWithParams(Array)
#6 D:\xampp\htdocs\one\myweike\advanced\vendor\yiisoft\yii2\base\Module.php(455): yii\base\Controller->runAction('index', Array)
#7 D:\xampp\htdocs\one\myweike\advanced\vendor\yiisoft\yii2\web\Application.php(83): yii\base\Module->runAction('index/index', Array)
#8 D:\xampp\htdocs\one\myweike\advanced\vendor\yiisoft\yii2\base\Application.php(375): yii\web\Application->handleRequest(Object(yii\web\Request))
#9 D:\xampp\htdocs\one\myweike\advanced\backend\web\index.php(18): yii\base\Application->run()
#10 {main}
2014-12-05 01:49:36 [127.0.0.1][-][-][info][application] $_GET = [
    'r' => 'index/index'
]

$_COOKIE = [
    'PHPSESSID' => 'ips5h2bqebglmju8ee1p6ovot3'
    '_csrf' => '44f26831537b3b5386a4362bcacce8be440072358d159da987145df51d612dfbs:32:\"NJ5OBF0NzdE2qu4YOL2itxjoxdd2yULL\";'
]

$_SERVER = [
    'MIBDIRS' => 'D:/xampp/php/extras/mibs'
    'MYSQL_HOME' => '\\xampp\\mysql\\bin'
    'OPENSSL_CONF' => 'D:/xampp/apache/bin/openssl.cnf'
    'PHP_PEAR_SYSCONF_DIR' => '\\xampp\\php'
    'PHPRC' => '\\xampp\\php'
    'TMP' => '\\xampp\\tmp'
    'HTTP_HOST' => 'localhost'
    'HTTP_USER_AGENT' => 'Mozilla/5.0 (Windows NT 6.1; WOW64; rv:34.0) Gecko/20100101 Firefox/34.0'
    'HTTP_ACCEPT' => 'text/html,application/xhtml+xml,application/xml;q=0.9,*/*;q=0.8'
    'HTTP_ACCEPT_LANGUAGE' => 'zh-cn,zh;q=0.8,en-us;q=0.5,en;q=0.3'
    'HTTP_ACCEPT_ENCODING' => 'gzip, deflate'
    'HTTP_COOKIE' => 'PHPSESSID=ips5h2bqebglmju8ee1p6ovot3; _csrf=44f26831537b3b5386a4362bcacce8be440072358d159da987145df51d612dfbs%3A32%3A%22NJ5OBF0NzdE2qu4YOL2itxjoxdd2yULL%22%3B'
    'HTTP_CONNECTION' => 'keep-alive'
    'PATH' => 'C:\\Program Files\\Broadcom\\Broadcom 802.11 Network Adapter\\Driver;D:\\web\\php\\;C:\\Windows\\system32;C:\\Windows;C:\\Windows\\System32\\Wbem;C:\\Windows\\System32\\WindowsPowerShell\\v1.0\\;D:\\Program Files (x86)\\SVN\\bin;D:\\web\\mysql\\bin;D:\\Program Files\\Java\\jdk1.8.0_25\\bin;D:\\Program Files\\Java\\jdk1.8.0_25\\jre\\bin;D:\\Program Files\\TortoiseGit\\bin;C:\\ProgramData\\ComposerSetup\\bin'
    'SystemRoot' => 'C:\\Windows'
    'COMSPEC' => 'C:\\Windows\\system32\\cmd.exe'
    'PATHEXT' => '.COM;.EXE;.BAT;.CMD;.VBS;.VBE;.JS;.JSE;.WSF;.WSH;.MSC'
    'WINDIR' => 'C:\\Windows'
    'SERVER_SIGNATURE' => '<address>Apache/2.4.4 (Win32) OpenSSL/1.0.1e PHP/5.5.1 Server at localhost Port 80</address>
'
    'SERVER_SOFTWARE' => 'Apache/2.4.4 (Win32) OpenSSL/1.0.1e PHP/5.5.1'
    'SERVER_NAME' => 'localhost'
    'SERVER_ADDR' => '127.0.0.1'
    'SERVER_PORT' => '80'
    'REMOTE_ADDR' => '127.0.0.1'
    'DOCUMENT_ROOT' => 'D:/xampp/htdocs'
    'REQUEST_SCHEME' => 'http'
    'CONTEXT_PREFIX' => ''
    'CONTEXT_DOCUMENT_ROOT' => 'D:/xampp/htdocs'
    'SERVER_ADMIN' => 'postmaster@localhost'
    'SCRIPT_FILENAME' => 'D:/xampp/htdocs/one/myweike/advanced/backend/web/index.php'
    'REMOTE_PORT' => '51388'
    'GATEWAY_INTERFACE' => 'CGI/1.1'
    'SERVER_PROTOCOL' => 'HTTP/1.1'
    'REQUEST_METHOD' => 'GET'
    'QUERY_STRING' => 'r=index/index'
    'REQUEST_URI' => '/one/myweike/advanced/backend/web/index.php?r=index/index'
    'SCRIPT_NAME' => '/one/myweike/advanced/backend/web/index.php'
    'PHP_SELF' => '/one/myweike/advanced/backend/web/index.php'
    'REQUEST_TIME_FLOAT' => 1417740576.725
    'REQUEST_TIME' => 1417740576
]
2014-12-05 02:10:12 [127.0.0.1][][-][error][yii\web\HttpException:404] exception 'yii\base\InvalidRouteException' with message 'Unable to resolve the request: index/login' in D:\xampp\htdocs\one\myweike\advanced\vendor\yiisoft\yii2\base\Controller.php:122
Stack trace:
#0 D:\xampp\htdocs\one\myweike\advanced\vendor\yiisoft\yii2\base\Module.php(455): yii\base\Controller->runAction('login', Array)
#1 D:\xampp\htdocs\one\myweike\advanced\vendor\yiisoft\yii2\web\Application.php(83): yii\base\Module->runAction('index/login', Array)
#2 D:\xampp\htdocs\one\myweike\advanced\vendor\yiisoft\yii2\base\Application.php(375): yii\web\Application->handleRequest(Object(yii\web\Request))
#3 D:\xampp\htdocs\one\myweike\advanced\backend\web\index.php(18): yii\base\Application->run()
#4 {main}

Next exception 'yii\web\NotFoundHttpException' with message 'Unable to resolve the request: index/login' in D:\xampp\htdocs\one\myweike\advanced\vendor\yiisoft\yii2\web\Application.php:95
Stack trace:
#0 D:\xampp\htdocs\one\myweike\advanced\vendor\yiisoft\yii2\base\Application.php(375): yii\web\Application->handleRequest(Object(yii\web\Request))
#1 D:\xampp\htdocs\one\myweike\advanced\backend\web\index.php(18): yii\base\Application->run()
#2 {main}
2014-12-05 02:10:12 [127.0.0.1][][-][info][application] $_GET = [
    'r' => 'index/login'
]

$_COOKIE = [
    'PHPSESSID' => 'ips5h2bqebglmju8ee1p6ovot3'
    '_csrf' => '44f26831537b3b5386a4362bcacce8be440072358d159da987145df51d612dfbs:32:\"NJ5OBF0NzdE2qu4YOL2itxjoxdd2yULL\";'
]

$_SESSION = [
    '__flash' => []
    '__returnUrl' => '/one/myweike/advanced/backend/web/'
]

$_SERVER = [
    'MIBDIRS' => 'D:/xampp/php/extras/mibs'
    'MYSQL_HOME' => '\\xampp\\mysql\\bin'
    'OPENSSL_CONF' => 'D:/xampp/apache/bin/openssl.cnf'
    'PHP_PEAR_SYSCONF_DIR' => '\\xampp\\php'
    'PHPRC' => '\\xampp\\php'
    'TMP' => '\\xampp\\tmp'
    'HTTP_HOST' => 'localhost'
    'HTTP_USER_AGENT' => 'Mozilla/5.0 (Windows NT 6.1; WOW64; rv:34.0) Gecko/20100101 Firefox/34.0'
    'HTTP_ACCEPT' => 'text/html,application/xhtml+xml,application/xml;q=0.9,*/*;q=0.8'
    'HTTP_ACCEPT_LANGUAGE' => 'zh-cn,zh;q=0.8,en-us;q=0.5,en;q=0.3'
    'HTTP_ACCEPT_ENCODING' => 'gzip, deflate'
    'HTTP_COOKIE' => 'PHPSESSID=ips5h2bqebglmju8ee1p6ovot3; _csrf=44f26831537b3b5386a4362bcacce8be440072358d159da987145df51d612dfbs%3A32%3A%22NJ5OBF0NzdE2qu4YOL2itxjoxdd2yULL%22%3B'
    'HTTP_CONNECTION' => 'keep-alive'
    'PATH' => 'C:\\Program Files\\Broadcom\\Broadcom 802.11 Network Adapter\\Driver;D:\\web\\php\\;C:\\Windows\\system32;C:\\Windows;C:\\Windows\\System32\\Wbem;C:\\Windows\\System32\\WindowsPowerShell\\v1.0\\;D:\\Program Files (x86)\\SVN\\bin;D:\\web\\mysql\\bin;D:\\Program Files\\Java\\jdk1.8.0_25\\bin;D:\\Program Files\\Java\\jdk1.8.0_25\\jre\\bin;D:\\Program Files\\TortoiseGit\\bin;C:\\ProgramData\\ComposerSetup\\bin'
    'SystemRoot' => 'C:\\Windows'
    'COMSPEC' => 'C:\\Windows\\system32\\cmd.exe'
    'PATHEXT' => '.COM;.EXE;.BAT;.CMD;.VBS;.VBE;.JS;.JSE;.WSF;.WSH;.MSC'
    'WINDIR' => 'C:\\Windows'
    'SERVER_SIGNATURE' => '<address>Apache/2.4.4 (Win32) OpenSSL/1.0.1e PHP/5.5.1 Server at localhost Port 80</address>
'
    'SERVER_SOFTWARE' => 'Apache/2.4.4 (Win32) OpenSSL/1.0.1e PHP/5.5.1'
    'SERVER_NAME' => 'localhost'
    'SERVER_ADDR' => '127.0.0.1'
    'SERVER_PORT' => '80'
    'REMOTE_ADDR' => '127.0.0.1'
    'DOCUMENT_ROOT' => 'D:/xampp/htdocs'
    'REQUEST_SCHEME' => 'http'
    'CONTEXT_PREFIX' => ''
    'CONTEXT_DOCUMENT_ROOT' => 'D:/xampp/htdocs'
    'SERVER_ADMIN' => 'postmaster@localhost'
    'SCRIPT_FILENAME' => 'D:/xampp/htdocs/one/myweike/advanced/backend/web/index.php'
    'REMOTE_PORT' => '51627'
    'GATEWAY_INTERFACE' => 'CGI/1.1'
    'SERVER_PROTOCOL' => 'HTTP/1.1'
    'REQUEST_METHOD' => 'GET'
    'QUERY_STRING' => 'r=index/login'
    'REQUEST_URI' => '/one/myweike/advanced/backend/web/index.php?r=index/login'
    'SCRIPT_NAME' => '/one/myweike/advanced/backend/web/index.php'
    'PHP_SELF' => '/one/myweike/advanced/backend/web/index.php'
    'REQUEST_TIME_FLOAT' => 1417741812.135
    'REQUEST_TIME' => 1417741812
]
2014-12-05 02:10:55 [127.0.0.1][][-][error][yii\web\HttpException:404] exception 'yii\base\InvalidRouteException' with message 'Unable to resolve the request: index/login' in D:\xampp\htdocs\one\myweike\advanced\vendor\yiisoft\yii2\base\Controller.php:122
Stack trace:
#0 D:\xampp\htdocs\one\myweike\advanced\vendor\yiisoft\yii2\base\Module.php(455): yii\base\Controller->runAction('login', Array)
#1 D:\xampp\htdocs\one\myweike\advanced\vendor\yiisoft\yii2\web\Application.php(83): yii\base\Module->runAction('index/login', Array)
#2 D:\xampp\htdocs\one\myweike\advanced\vendor\yiisoft\yii2\base\Application.php(375): yii\web\Application->handleRequest(Object(yii\web\Request))
#3 D:\xampp\htdocs\one\myweike\advanced\backend\web\index.php(18): yii\base\Application->run()
#4 {main}

Next exception 'yii\web\NotFoundHttpException' with message 'Unable to resolve the request: index/login' in D:\xampp\htdocs\one\myweike\advanced\vendor\yiisoft\yii2\web\Application.php:95
Stack trace:
#0 D:\xampp\htdocs\one\myweike\advanced\vendor\yiisoft\yii2\base\Application.php(375): yii\web\Application->handleRequest(Object(yii\web\Request))
#1 D:\xampp\htdocs\one\myweike\advanced\backend\web\index.php(18): yii\base\Application->run()
#2 {main}
2014-12-05 02:10:55 [127.0.0.1][][-][info][application] $_GET = [
    'r' => 'index/login'
]

$_COOKIE = [
    'PHPSESSID' => 'ips5h2bqebglmju8ee1p6ovot3'
    '_csrf' => '44f26831537b3b5386a4362bcacce8be440072358d159da987145df51d612dfbs:32:\"NJ5OBF0NzdE2qu4YOL2itxjoxdd2yULL\";'
]

$_SESSION = [
    '__flash' => []
    '__returnUrl' => '/one/myweike/advanced/backend/web/'
]

$_SERVER = [
    'MIBDIRS' => 'D:/xampp/php/extras/mibs'
    'MYSQL_HOME' => '\\xampp\\mysql\\bin'
    'OPENSSL_CONF' => 'D:/xampp/apache/bin/openssl.cnf'
    'PHP_PEAR_SYSCONF_DIR' => '\\xampp\\php'
    'PHPRC' => '\\xampp\\php'
    'TMP' => '\\xampp\\tmp'
    'HTTP_HOST' => 'localhost'
    'HTTP_USER_AGENT' => 'Mozilla/5.0 (Windows NT 6.1; WOW64; rv:34.0) Gecko/20100101 Firefox/34.0'
    'HTTP_ACCEPT' => 'text/html,application/xhtml+xml,application/xml;q=0.9,*/*;q=0.8'
    'HTTP_ACCEPT_LANGUAGE' => 'zh-cn,zh;q=0.8,en-us;q=0.5,en;q=0.3'
    'HTTP_ACCEPT_ENCODING' => 'gzip, deflate'
    'HTTP_COOKIE' => 'PHPSESSID=ips5h2bqebglmju8ee1p6ovot3; _csrf=44f26831537b3b5386a4362bcacce8be440072358d159da987145df51d612dfbs%3A32%3A%22NJ5OBF0NzdE2qu4YOL2itxjoxdd2yULL%22%3B'
    'HTTP_CONNECTION' => 'keep-alive'
    'PATH' => 'C:\\Program Files\\Broadcom\\Broadcom 802.11 Network Adapter\\Driver;D:\\web\\php\\;C:\\Windows\\system32;C:\\Windows;C:\\Windows\\System32\\Wbem;C:\\Windows\\System32\\WindowsPowerShell\\v1.0\\;D:\\Program Files (x86)\\SVN\\bin;D:\\web\\mysql\\bin;D:\\Program Files\\Java\\jdk1.8.0_25\\bin;D:\\Program Files\\Java\\jdk1.8.0_25\\jre\\bin;D:\\Program Files\\TortoiseGit\\bin;C:\\ProgramData\\ComposerSetup\\bin'
    'SystemRoot' => 'C:\\Windows'
    'COMSPEC' => 'C:\\Windows\\system32\\cmd.exe'
    'PATHEXT' => '.COM;.EXE;.BAT;.CMD;.VBS;.VBE;.JS;.JSE;.WSF;.WSH;.MSC'
    'WINDIR' => 'C:\\Windows'
    'SERVER_SIGNATURE' => '<address>Apache/2.4.4 (Win32) OpenSSL/1.0.1e PHP/5.5.1 Server at localhost Port 80</address>
'
    'SERVER_SOFTWARE' => 'Apache/2.4.4 (Win32) OpenSSL/1.0.1e PHP/5.5.1'
    'SERVER_NAME' => 'localhost'
    'SERVER_ADDR' => '127.0.0.1'
    'SERVER_PORT' => '80'
    'REMOTE_ADDR' => '127.0.0.1'
    'DOCUMENT_ROOT' => 'D:/xampp/htdocs'
    'REQUEST_SCHEME' => 'http'
    'CONTEXT_PREFIX' => ''
    'CONTEXT_DOCUMENT_ROOT' => 'D:/xampp/htdocs'
    'SERVER_ADMIN' => 'postmaster@localhost'
    'SCRIPT_FILENAME' => 'D:/xampp/htdocs/one/myweike/advanced/backend/web/index.php'
    'REMOTE_PORT' => '51633'
    'GATEWAY_INTERFACE' => 'CGI/1.1'
    'SERVER_PROTOCOL' => 'HTTP/1.1'
    'REQUEST_METHOD' => 'GET'
    'QUERY_STRING' => 'r=index/login'
    'REQUEST_URI' => '/one/myweike/advanced/backend/web/index.php?r=index/login'
    'SCRIPT_NAME' => '/one/myweike/advanced/backend/web/index.php'
    'PHP_SELF' => '/one/myweike/advanced/backend/web/index.php'
    'REQUEST_TIME_FLOAT' => 1417741855.855
    'REQUEST_TIME' => 1417741855
]
