2014-12-04 09:08:05 [127.0.0.1][][-][error][yii\web\HttpException:404] exception 'yii\base\InvalidRouteException' with message 'Unable to resolve the request: site/a' in D:\xampp\htdocs\advanced\vendor\yiisoft\yii2\base\Controller.php:122
Stack trace:
#0 D:\xampp\htdocs\advanced\vendor\yiisoft\yii2\base\Module.php(455): yii\base\Controller->runAction('a', Array)
#1 D:\xampp\htdocs\advanced\vendor\yiisoft\yii2\web\Application.php(83): yii\base\Module->runAction('site/a', Array)
#2 D:\xampp\htdocs\advanced\vendor\yiisoft\yii2\base\Application.php(375): yii\web\Application->handleRequest(Object(yii\web\Request))
#3 D:\xampp\htdocs\advanced\frontend\web\index.php(18): yii\base\Application->run()
#4 {main}

Next exception 'yii\web\NotFoundHttpException' with message 'Unable to resolve the request: site/a' in D:\xampp\htdocs\advanced\vendor\yiisoft\yii2\web\Application.php:95
Stack trace:
#0 D:\xampp\htdocs\advanced\vendor\yiisoft\yii2\base\Application.php(375): yii\web\Application->handleRequest(Object(yii\web\Request))
#1 D:\xampp\htdocs\advanced\frontend\web\index.php(18): yii\base\Application->run()
#2 {main}
2014-12-04 09:08:05 [127.0.0.1][][-][info][application] $_GET = [
    'r' => 'site/a'
]

$_COOKIE = [
    'AJSTAT_ok_times' => '1'
    '_ga' => 'GA1.1.54924247.1416566351'
    '__zpspc' => '9.2.1416813744.1416814460.10#4|||||#'
    'PHPSESSID' => 'ge28mm5bvi4ci6eve5br9nkvh4'
    '_csrf' => 'b54426b2972caa3d555ff579ea201d7d24380751b0d0be4af579d1fa92f9532es:32:\"Xo-1rN4v4vsfcpL-PT706nt6t6hEk6CM\";'
]

$_SESSION = [
    '__flash' => []
    '__returnUrl' => '/advanced/backend/web/index.php?r=site'
]

$_SERVER = [
    'MIBDIRS' => 'D:/xampp/php/extras/mibs'
    'MYSQL_HOME' => '\\xampp\\mysql\\bin'
    'OPENSSL_CONF' => 'D:/xampp/apache/bin/openssl.cnf'
    'PHP_PEAR_SYSCONF_DIR' => '\\xampp\\php'
    'PHPRC' => '\\xampp\\php'
    'TMP' => '\\xampp\\tmp'
    'HTTP_HOST' => 'localhost'
    'HTTP_CONNECTION' => 'keep-alive'
    'HTTP_ACCEPT' => 'text/html,application/xhtml+xml,application/xml;q=0.9,image/webp,*/*;q=0.8'
    'HTTP_USER_AGENT' => 'Mozilla/5.0 (Windows NT 6.1; WOW64) AppleWebKit/537.36 (KHTML, like Gecko) Chrome/31.0.1650.57 Safari/537.36'
    'HTTP_ACCEPT_ENCODING' => 'gzip,deflate,sdch'
    'HTTP_ACCEPT_LANGUAGE' => 'zh-CN,zh;q=0.8,en;q=0.6'
    'HTTP_COOKIE' => 'AJSTAT_ok_times=1; _ga=GA1.1.54924247.1416566351; __zpspc=9.2.1416813744.1416814460.10%234%7C%7C%7C%7C%7C%23; PHPSESSID=ge28mm5bvi4ci6eve5br9nkvh4; _csrf=b54426b2972caa3d555ff579ea201d7d24380751b0d0be4af579d1fa92f9532es%3A32%3A%22Xo-1rN4v4vsfcpL-PT706nt6t6hEk6CM%22%3B'
    'PATH' => 'C:\\ProgramData\\Oracle\\Java\\javapath;C:\\Program Files (x86)\\NVIDIA Corporation\\PhysX\\Common;D:\\xampp\\php\\php.exe;D:\\Program Files\\Java\\jdk1.8.0_25\\bin;D:\\Program Files\\Java\\jdk1.8.0_25\\jre\\bin'
    'SystemRoot' => 'C:\\Windows'
    'COMSPEC' => 'C:\\Windows\\system32\\cmd.exe'
    'PATHEXT' => '.COM;.EXE;.BAT;.CMD;.VBS;.VBE;.JS;.JSE;.WSF;.WSH;.MSC'
    'WINDIR' => 'C:\\Windows'
    'SERVER_SIGNATURE' => '<address>Apache/2.4.4 (Win32) OpenSSL/1.0.1e PHP/5.5.1 Server at localhost Port 80</address>
'
    'SERVER_SOFTWARE' => 'Apache/2.4.4 (Win32) OpenSSL/1.0.1e PHP/5.5.1'
    'SERVER_NAME' => 'localhost'
    'SERVER_ADDR' => '127.0.0.1'
    'SERVER_PORT' => '80'
    'REMOTE_HOST' => 'ÇØ³å³å'
    'REMOTE_ADDR' => '127.0.0.1'
    'DOCUMENT_ROOT' => 'D:/xampp/htdocs/'
    'REQUEST_SCHEME' => 'http'
    'CONTEXT_PREFIX' => ''
    'CONTEXT_DOCUMENT_ROOT' => 'D:/xampp/htdocs/'
    'SERVER_ADMIN' => 'postmaster@localhost'
    'SCRIPT_FILENAME' => 'D:/xampp/htdocs/advanced/frontend/web/index.php'
    'REMOTE_PORT' => '58440'
    'GATEWAY_INTERFACE' => 'CGI/1.1'
    'SERVER_PROTOCOL' => 'HTTP/1.1'
    'REQUEST_METHOD' => 'GET'
    'QUERY_STRING' => 'r=site/a'
    'REQUEST_URI' => '/advanced/frontend/web/index.php?r=site/a'
    'SCRIPT_NAME' => '/advanced/frontend/web/index.php'
    'PHP_SELF' => '/advanced/frontend/web/index.php'
    'REQUEST_TIME_FLOAT' => 1417680485.858
    'REQUEST_TIME' => 1417680485
]
2014-12-04 09:08:45 [127.0.0.1][][-][error][yii\web\HttpException:404] exception 'yii\base\InvalidRouteException' with message 'Unable to resolve the request: site/aaa' in D:\xampp\htdocs\advanced\vendor\yiisoft\yii2\base\Controller.php:122
Stack trace:
#0 D:\xampp\htdocs\advanced\vendor\yiisoft\yii2\base\Module.php(455): yii\base\Controller->runAction('aaa', Array)
#1 D:\xampp\htdocs\advanced\vendor\yiisoft\yii2\web\Application.php(83): yii\base\Module->runAction('site/aaa', Array)
#2 D:\xampp\htdocs\advanced\vendor\yiisoft\yii2\base\Application.php(375): yii\web\Application->handleRequest(Object(yii\web\Request))
#3 D:\xampp\htdocs\advanced\frontend\web\index.php(18): yii\base\Application->run()
#4 {main}

Next exception 'yii\web\NotFoundHttpException' with message 'Unable to resolve the request: site/aaa' in D:\xampp\htdocs\advanced\vendor\yiisoft\yii2\web\Application.php:95
Stack trace:
#0 D:\xampp\htdocs\advanced\vendor\yiisoft\yii2\base\Application.php(375): yii\web\Application->handleRequest(Object(yii\web\Request))
#1 D:\xampp\htdocs\advanced\frontend\web\index.php(18): yii\base\Application->run()
#2 {main}
2014-12-04 09:08:45 [127.0.0.1][][-][info][application] $_GET = [
    'r' => 'site/aaa'
]

$_COOKIE = [
    'AJSTAT_ok_times' => '1'
    '_ga' => 'GA1.1.54924247.1416566351'
    '__zpspc' => '9.2.1416813744.1416814460.10#4|||||#'
    'PHPSESSID' => 'ge28mm5bvi4ci6eve5br9nkvh4'
    '_csrf' => 'b54426b2972caa3d555ff579ea201d7d24380751b0d0be4af579d1fa92f9532es:32:\"Xo-1rN4v4vsfcpL-PT706nt6t6hEk6CM\";'
]

$_SESSION = [
    '__flash' => []
    '__returnUrl' => '/advanced/backend/web/index.php?r=site'
]

$_SERVER = [
    'MIBDIRS' => 'D:/xampp/php/extras/mibs'
    'MYSQL_HOME' => '\\xampp\\mysql\\bin'
    'OPENSSL_CONF' => 'D:/xampp/apache/bin/openssl.cnf'
    'PHP_PEAR_SYSCONF_DIR' => '\\xampp\\php'
    'PHPRC' => '\\xampp\\php'
    'TMP' => '\\xampp\\tmp'
    'HTTP_HOST' => 'localhost'
    'HTTP_CONNECTION' => 'keep-alive'
    'HTTP_ACCEPT' => 'text/html,application/xhtml+xml,application/xml;q=0.9,image/webp,*/*;q=0.8'
    'HTTP_USER_AGENT' => 'Mozilla/5.0 (Windows NT 6.1; WOW64) AppleWebKit/537.36 (KHTML, like Gecko) Chrome/31.0.1650.57 Safari/537.36'
    'HTTP_ACCEPT_ENCODING' => 'gzip,deflate,sdch'
    'HTTP_ACCEPT_LANGUAGE' => 'zh-CN,zh;q=0.8,en;q=0.6'
    'HTTP_COOKIE' => 'AJSTAT_ok_times=1; _ga=GA1.1.54924247.1416566351; __zpspc=9.2.1416813744.1416814460.10%234%7C%7C%7C%7C%7C%23; PHPSESSID=ge28mm5bvi4ci6eve5br9nkvh4; _csrf=b54426b2972caa3d555ff579ea201d7d24380751b0d0be4af579d1fa92f9532es%3A32%3A%22Xo-1rN4v4vsfcpL-PT706nt6t6hEk6CM%22%3B'
    'PATH' => 'C:\\ProgramData\\Oracle\\Java\\javapath;C:\\Program Files (x86)\\NVIDIA Corporation\\PhysX\\Common;D:\\xampp\\php\\php.exe;D:\\Program Files\\Java\\jdk1.8.0_25\\bin;D:\\Program Files\\Java\\jdk1.8.0_25\\jre\\bin'
    'SystemRoot' => 'C:\\Windows'
    'COMSPEC' => 'C:\\Windows\\system32\\cmd.exe'
    'PATHEXT' => '.COM;.EXE;.BAT;.CMD;.VBS;.VBE;.JS;.JSE;.WSF;.WSH;.MSC'
    'WINDIR' => 'C:\\Windows'
    'SERVER_SIGNATURE' => '<address>Apache/2.4.4 (Win32) OpenSSL/1.0.1e PHP/5.5.1 Server at localhost Port 80</address>
'
    'SERVER_SOFTWARE' => 'Apache/2.4.4 (Win32) OpenSSL/1.0.1e PHP/5.5.1'
    'SERVER_NAME' => 'localhost'
    'SERVER_ADDR' => '127.0.0.1'
    'SERVER_PORT' => '80'
    'REMOTE_HOST' => 'ÇØ³å³å'
    'REMOTE_ADDR' => '127.0.0.1'
    'DOCUMENT_ROOT' => 'D:/xampp/htdocs/'
    'REQUEST_SCHEME' => 'http'
    'CONTEXT_PREFIX' => ''
    'CONTEXT_DOCUMENT_ROOT' => 'D:/xampp/htdocs/'
    'SERVER_ADMIN' => 'postmaster@localhost'
    'SCRIPT_FILENAME' => 'D:/xampp/htdocs/advanced/frontend/web/index.php'
    'REMOTE_PORT' => '58455'
    'GATEWAY_INTERFACE' => 'CGI/1.1'
    'SERVER_PROTOCOL' => 'HTTP/1.1'
    'REQUEST_METHOD' => 'GET'
    'QUERY_STRING' => 'r=site/aaa'
    'REQUEST_URI' => '/advanced/frontend/web/index.php?r=site/aaa'
    'SCRIPT_NAME' => '/advanced/frontend/web/index.php'
    'PHP_SELF' => '/advanced/frontend/web/index.php'
    'REQUEST_TIME_FLOAT' => 1417680525.695
    'REQUEST_TIME' => 1417680525
]
2014-12-04 09:20:43 [127.0.0.1][][-][error][yii\web\HttpException:404] exception 'yii\base\InvalidRouteException' with message 'Unable to resolve the request: aaa/index' in D:\xampp\htdocs\advanced\vendor\yiisoft\yii2\base\Controller.php:122
Stack trace:
#0 D:\xampp\htdocs\advanced\vendor\yiisoft\yii2\base\Module.php(455): yii\base\Controller->runAction('index', Array)
#1 D:\xampp\htdocs\advanced\vendor\yiisoft\yii2\web\Application.php(83): yii\base\Module->runAction('aaa/index', Array)
#2 D:\xampp\htdocs\advanced\vendor\yiisoft\yii2\base\Application.php(375): yii\web\Application->handleRequest(Object(yii\web\Request))
#3 D:\xampp\htdocs\advanced\frontend\web\index.php(18): yii\base\Application->run()
#4 {main}

Next exception 'yii\web\NotFoundHttpException' with message 'Unable to resolve the request: aaa/index' in D:\xampp\htdocs\advanced\vendor\yiisoft\yii2\web\Application.php:95
Stack trace:
#0 D:\xampp\htdocs\advanced\vendor\yiisoft\yii2\base\Application.php(375): yii\web\Application->handleRequest(Object(yii\web\Request))
#1 D:\xampp\htdocs\advanced\frontend\web\index.php(18): yii\base\Application->run()
#2 {main}
2014-12-04 09:20:43 [127.0.0.1][][-][info][application] $_GET = [
    'r' => 'aaa/index'
]

$_COOKIE = [
    'AJSTAT_ok_times' => '1'
    '_ga' => 'GA1.1.54924247.1416566351'
    '__zpspc' => '9.2.1416813744.1416814460.10#4|||||#'
    'PHPSESSID' => 'ge28mm5bvi4ci6eve5br9nkvh4'
    '_csrf' => 'b54426b2972caa3d555ff579ea201d7d24380751b0d0be4af579d1fa92f9532es:32:\"Xo-1rN4v4vsfcpL-PT706nt6t6hEk6CM\";'
]

$_SESSION = [
    '__flash' => []
    '__returnUrl' => '/advanced/backend/web/index.php?r=site'
]

$_SERVER = [
    'MIBDIRS' => 'D:/xampp/php/extras/mibs'
    'MYSQL_HOME' => '\\xampp\\mysql\\bin'
    'OPENSSL_CONF' => 'D:/xampp/apache/bin/openssl.cnf'
    'PHP_PEAR_SYSCONF_DIR' => '\\xampp\\php'
    'PHPRC' => '\\xampp\\php'
    'TMP' => '\\xampp\\tmp'
    'HTTP_HOST' => 'localhost'
    'HTTP_CONNECTION' => 'keep-alive'
    'HTTP_ACCEPT' => 'text/html,application/xhtml+xml,application/xml;q=0.9,image/webp,*/*;q=0.8'
    'HTTP_USER_AGENT' => 'Mozilla/5.0 (Windows NT 6.1; WOW64) AppleWebKit/537.36 (KHTML, like Gecko) Chrome/31.0.1650.57 Safari/537.36'
    'HTTP_ACCEPT_ENCODING' => 'gzip,deflate,sdch'
    'HTTP_ACCEPT_LANGUAGE' => 'zh-CN,zh;q=0.8,en;q=0.6'
    'HTTP_COOKIE' => 'AJSTAT_ok_times=1; _ga=GA1.1.54924247.1416566351; __zpspc=9.2.1416813744.1416814460.10%234%7C%7C%7C%7C%7C%23; PHPSESSID=ge28mm5bvi4ci6eve5br9nkvh4; _csrf=b54426b2972caa3d555ff579ea201d7d24380751b0d0be4af579d1fa92f9532es%3A32%3A%22Xo-1rN4v4vsfcpL-PT706nt6t6hEk6CM%22%3B'
    'PATH' => 'C:\\ProgramData\\Oracle\\Java\\javapath;C:\\Program Files (x86)\\NVIDIA Corporation\\PhysX\\Common;D:\\xampp\\php\\php.exe;D:\\Program Files\\Java\\jdk1.8.0_25\\bin;D:\\Program Files\\Java\\jdk1.8.0_25\\jre\\bin'
    'SystemRoot' => 'C:\\Windows'
    'COMSPEC' => 'C:\\Windows\\system32\\cmd.exe'
    'PATHEXT' => '.COM;.EXE;.BAT;.CMD;.VBS;.VBE;.JS;.JSE;.WSF;.WSH;.MSC'
    'WINDIR' => 'C:\\Windows'
    'SERVER_SIGNATURE' => '<address>Apache/2.4.4 (Win32) OpenSSL/1.0.1e PHP/5.5.1 Server at localhost Port 80</address>
'
    'SERVER_SOFTWARE' => 'Apache/2.4.4 (Win32) OpenSSL/1.0.1e PHP/5.5.1'
    'SERVER_NAME' => 'localhost'
    'SERVER_ADDR' => '127.0.0.1'
    'SERVER_PORT' => '80'
    'REMOTE_HOST' => 'ÇØ³å³å'
    'REMOTE_ADDR' => '127.0.0.1'
    'DOCUMENT_ROOT' => 'D:/xampp/htdocs/'
    'REQUEST_SCHEME' => 'http'
    'CONTEXT_PREFIX' => ''
    'CONTEXT_DOCUMENT_ROOT' => 'D:/xampp/htdocs/'
    'SERVER_ADMIN' => 'postmaster@localhost'
    'SCRIPT_FILENAME' => 'D:/xampp/htdocs/advanced/frontend/web/index.php'
    'REMOTE_PORT' => '58502'
    'GATEWAY_INTERFACE' => 'CGI/1.1'
    'SERVER_PROTOCOL' => 'HTTP/1.1'
    'REQUEST_METHOD' => 'GET'
    'QUERY_STRING' => 'r=aaa/index'
    'REQUEST_URI' => '/advanced/frontend/web/index.php?r=aaa/index'
    'SCRIPT_NAME' => '/advanced/frontend/web/index.php'
    'PHP_SELF' => '/advanced/frontend/web/index.php'
    'REQUEST_TIME_FLOAT' => 1417681243.892
    'REQUEST_TIME' => 1417681243
]
2014-12-04 09:21:58 [127.0.0.1][][-][error][yii\web\HttpException:404] exception 'yii\base\InvalidRouteException' with message 'Unable to resolve the request: index/index' in D:\xampp\htdocs\advanced\vendor\yiisoft\yii2\base\Controller.php:122
Stack trace:
#0 D:\xampp\htdocs\advanced\vendor\yiisoft\yii2\base\Module.php(455): yii\base\Controller->runAction('index', Array)
#1 D:\xampp\htdocs\advanced\vendor\yiisoft\yii2\web\Application.php(83): yii\base\Module->runAction('index/index', Array)
#2 D:\xampp\htdocs\advanced\vendor\yiisoft\yii2\base\Application.php(375): yii\web\Application->handleRequest(Object(yii\web\Request))
#3 D:\xampp\htdocs\advanced\frontend\web\index.php(18): yii\base\Application->run()
#4 {main}

Next exception 'yii\web\NotFoundHttpException' with message 'Unable to resolve the request: index/index' in D:\xampp\htdocs\advanced\vendor\yiisoft\yii2\web\Application.php:95
Stack trace:
#0 D:\xampp\htdocs\advanced\vendor\yiisoft\yii2\base\Application.php(375): yii\web\Application->handleRequest(Object(yii\web\Request))
#1 D:\xampp\htdocs\advanced\frontend\web\index.php(18): yii\base\Application->run()
#2 {main}
2014-12-04 09:21:58 [127.0.0.1][][-][info][application] $_GET = [
    'r' => 'index/index'
]

$_COOKIE = [
    'AJSTAT_ok_times' => '1'
    '_ga' => 'GA1.1.54924247.1416566351'
    '__zpspc' => '9.2.1416813744.1416814460.10#4|||||#'
    'PHPSESSID' => 'ge28mm5bvi4ci6eve5br9nkvh4'
    '_csrf' => 'b54426b2972caa3d555ff579ea201d7d24380751b0d0be4af579d1fa92f9532es:32:\"Xo-1rN4v4vsfcpL-PT706nt6t6hEk6CM\";'
]

$_SESSION = [
    '__flash' => []
    '__returnUrl' => '/advanced/backend/web/index.php?r=site'
]

$_SERVER = [
    'MIBDIRS' => 'D:/xampp/php/extras/mibs'
    'MYSQL_HOME' => '\\xampp\\mysql\\bin'
    'OPENSSL_CONF' => 'D:/xampp/apache/bin/openssl.cnf'
    'PHP_PEAR_SYSCONF_DIR' => '\\xampp\\php'
    'PHPRC' => '\\xampp\\php'
    'TMP' => '\\xampp\\tmp'
    'HTTP_HOST' => 'localhost'
    'HTTP_CONNECTION' => 'keep-alive'
    'HTTP_ACCEPT' => 'text/html,application/xhtml+xml,application/xml;q=0.9,image/webp,*/*;q=0.8'
    'HTTP_USER_AGENT' => 'Mozilla/5.0 (Windows NT 6.1; WOW64) AppleWebKit/537.36 (KHTML, like Gecko) Chrome/31.0.1650.57 Safari/537.36'
    'HTTP_ACCEPT_ENCODING' => 'gzip,deflate,sdch'
    'HTTP_ACCEPT_LANGUAGE' => 'zh-CN,zh;q=0.8,en;q=0.6'
    'HTTP_COOKIE' => 'AJSTAT_ok_times=1; _ga=GA1.1.54924247.1416566351; __zpspc=9.2.1416813744.1416814460.10%234%7C%7C%7C%7C%7C%23; PHPSESSID=ge28mm5bvi4ci6eve5br9nkvh4; _csrf=b54426b2972caa3d555ff579ea201d7d24380751b0d0be4af579d1fa92f9532es%3A32%3A%22Xo-1rN4v4vsfcpL-PT706nt6t6hEk6CM%22%3B'
    'PATH' => 'C:\\ProgramData\\Oracle\\Java\\javapath;C:\\Program Files (x86)\\NVIDIA Corporation\\PhysX\\Common;D:\\xampp\\php\\php.exe;D:\\Program Files\\Java\\jdk1.8.0_25\\bin;D:\\Program Files\\Java\\jdk1.8.0_25\\jre\\bin'
    'SystemRoot' => 'C:\\Windows'
    'COMSPEC' => 'C:\\Windows\\system32\\cmd.exe'
    'PATHEXT' => '.COM;.EXE;.BAT;.CMD;.VBS;.VBE;.JS;.JSE;.WSF;.WSH;.MSC'
    'WINDIR' => 'C:\\Windows'
    'SERVER_SIGNATURE' => '<address>Apache/2.4.4 (Win32) OpenSSL/1.0.1e PHP/5.5.1 Server at localhost Port 80</address>
'
    'SERVER_SOFTWARE' => 'Apache/2.4.4 (Win32) OpenSSL/1.0.1e PHP/5.5.1'
    'SERVER_NAME' => 'localhost'
    'SERVER_ADDR' => '127.0.0.1'
    'SERVER_PORT' => '80'
    'REMOTE_HOST' => 'ÇØ³å³å'
    'REMOTE_ADDR' => '127.0.0.1'
    'DOCUMENT_ROOT' => 'D:/xampp/htdocs/'
    'REQUEST_SCHEME' => 'http'
    'CONTEXT_PREFIX' => ''
    'CONTEXT_DOCUMENT_ROOT' => 'D:/xampp/htdocs/'
    'SERVER_ADMIN' => 'postmaster@localhost'
    'SCRIPT_FILENAME' => 'D:/xampp/htdocs/advanced/frontend/web/index.php'
    'REMOTE_PORT' => '58510'
    'GATEWAY_INTERFACE' => 'CGI/1.1'
    'SERVER_PROTOCOL' => 'HTTP/1.1'
    'REQUEST_METHOD' => 'GET'
    'QUERY_STRING' => 'r=index/index'
    'REQUEST_URI' => '/advanced/frontend/web/index.php?r=index/index'
    'SCRIPT_NAME' => '/advanced/frontend/web/index.php'
    'PHP_SELF' => '/advanced/frontend/web/index.php'
    'REQUEST_TIME_FLOAT' => 1417681318.72
    'REQUEST_TIME' => 1417681318
]
2014-12-04 09:22:20 [127.0.0.1][][-][error][yii\web\HttpException:404] exception 'yii\base\InvalidRouteException' with message 'Unable to resolve the request: index/index' in D:\xampp\htdocs\advanced\vendor\yiisoft\yii2\base\Controller.php:122
Stack trace:
#0 D:\xampp\htdocs\advanced\vendor\yiisoft\yii2\base\Module.php(455): yii\base\Controller->runAction('index', Array)
#1 D:\xampp\htdocs\advanced\vendor\yiisoft\yii2\web\Application.php(83): yii\base\Module->runAction('index/index', Array)
#2 D:\xampp\htdocs\advanced\vendor\yiisoft\yii2\base\Application.php(375): yii\web\Application->handleRequest(Object(yii\web\Request))
#3 D:\xampp\htdocs\advanced\frontend\web\index.php(18): yii\base\Application->run()
#4 {main}

Next exception 'yii\web\NotFoundHttpException' with message 'Unable to resolve the request: index/index' in D:\xampp\htdocs\advanced\vendor\yiisoft\yii2\web\Application.php:95
Stack trace:
#0 D:\xampp\htdocs\advanced\vendor\yiisoft\yii2\base\Application.php(375): yii\web\Application->handleRequest(Object(yii\web\Request))
#1 D:\xampp\htdocs\advanced\frontend\web\index.php(18): yii\base\Application->run()
#2 {main}
2014-12-04 09:22:20 [127.0.0.1][][-][info][application] $_GET = [
    'r' => 'index/index'
]

$_COOKIE = [
    'AJSTAT_ok_times' => '1'
    '_ga' => 'GA1.1.54924247.1416566351'
    '__zpspc' => '9.2.1416813744.1416814460.10#4|||||#'
    'PHPSESSID' => 'ge28mm5bvi4ci6eve5br9nkvh4'
    '_csrf' => 'b54426b2972caa3d555ff579ea201d7d24380751b0d0be4af579d1fa92f9532es:32:\"Xo-1rN4v4vsfcpL-PT706nt6t6hEk6CM\";'
]

$_SESSION = [
    '__flash' => []
    '__returnUrl' => '/advanced/backend/web/index.php?r=site'
]

$_SERVER = [
    'MIBDIRS' => 'D:/xampp/php/extras/mibs'
    'MYSQL_HOME' => '\\xampp\\mysql\\bin'
    'OPENSSL_CONF' => 'D:/xampp/apache/bin/openssl.cnf'
    'PHP_PEAR_SYSCONF_DIR' => '\\xampp\\php'
    'PHPRC' => '\\xampp\\php'
    'TMP' => '\\xampp\\tmp'
    'HTTP_HOST' => 'localhost'
    'HTTP_CONNECTION' => 'keep-alive'
    'HTTP_CACHE_CONTROL' => 'max-age=0'
    'HTTP_ACCEPT' => 'text/html,application/xhtml+xml,application/xml;q=0.9,image/webp,*/*;q=0.8'
    'HTTP_USER_AGENT' => 'Mozilla/5.0 (Windows NT 6.1; WOW64) AppleWebKit/537.36 (KHTML, like Gecko) Chrome/31.0.1650.57 Safari/537.36'
    'HTTP_ACCEPT_ENCODING' => 'gzip,deflate,sdch'
    'HTTP_ACCEPT_LANGUAGE' => 'zh-CN,zh;q=0.8,en;q=0.6'
    'HTTP_COOKIE' => 'AJSTAT_ok_times=1; _ga=GA1.1.54924247.1416566351; __zpspc=9.2.1416813744.1416814460.10%234%7C%7C%7C%7C%7C%23; PHPSESSID=ge28mm5bvi4ci6eve5br9nkvh4; _csrf=b54426b2972caa3d555ff579ea201d7d24380751b0d0be4af579d1fa92f9532es%3A32%3A%22Xo-1rN4v4vsfcpL-PT706nt6t6hEk6CM%22%3B'
    'PATH' => 'C:\\ProgramData\\Oracle\\Java\\javapath;C:\\Program Files (x86)\\NVIDIA Corporation\\PhysX\\Common;D:\\xampp\\php\\php.exe;D:\\Program Files\\Java\\jdk1.8.0_25\\bin;D:\\Program Files\\Java\\jdk1.8.0_25\\jre\\bin'
    'SystemRoot' => 'C:\\Windows'
    'COMSPEC' => 'C:\\Windows\\system32\\cmd.exe'
    'PATHEXT' => '.COM;.EXE;.BAT;.CMD;.VBS;.VBE;.JS;.JSE;.WSF;.WSH;.MSC'
    'WINDIR' => 'C:\\Windows'
    'SERVER_SIGNATURE' => '<address>Apache/2.4.4 (Win32) OpenSSL/1.0.1e PHP/5.5.1 Server at localhost Port 80</address>
'
    'SERVER_SOFTWARE' => 'Apache/2.4.4 (Win32) OpenSSL/1.0.1e PHP/5.5.1'
    'SERVER_NAME' => 'localhost'
    'SERVER_ADDR' => '127.0.0.1'
    'SERVER_PORT' => '80'
    'REMOTE_HOST' => 'ÇØ³å³å'
    'REMOTE_ADDR' => '127.0.0.1'
    'DOCUMENT_ROOT' => 'D:/xampp/htdocs/'
    'REQUEST_SCHEME' => 'http'
    'CONTEXT_PREFIX' => ''
    'CONTEXT_DOCUMENT_ROOT' => 'D:/xampp/htdocs/'
    'SERVER_ADMIN' => 'postmaster@localhost'
    'SCRIPT_FILENAME' => 'D:/xampp/htdocs/advanced/frontend/web/index.php'
    'REMOTE_PORT' => '58519'
    'GATEWAY_INTERFACE' => 'CGI/1.1'
    'SERVER_PROTOCOL' => 'HTTP/1.1'
    'REQUEST_METHOD' => 'GET'
    'QUERY_STRING' => 'r=index/index'
    'REQUEST_URI' => '/advanced/frontend/web/index.php?r=index/index'
    'SCRIPT_NAME' => '/advanced/frontend/web/index.php'
    'PHP_SELF' => '/advanced/frontend/web/index.php'
    'REQUEST_TIME_FLOAT' => 1417681340.14
    'REQUEST_TIME' => 1417681340
]
2014-12-04 09:22:25 [127.0.0.1][][-][error][yii\web\HttpException:404] exception 'yii\base\InvalidRouteException' with message 'Unable to resolve the request: index/index' in D:\xampp\htdocs\advanced\vendor\yiisoft\yii2\base\Controller.php:122
Stack trace:
#0 D:\xampp\htdocs\advanced\vendor\yiisoft\yii2\base\Module.php(455): yii\base\Controller->runAction('index', Array)
#1 D:\xampp\htdocs\advanced\vendor\yiisoft\yii2\web\Application.php(83): yii\base\Module->runAction('index/index', Array)
#2 D:\xampp\htdocs\advanced\vendor\yiisoft\yii2\base\Application.php(375): yii\web\Application->handleRequest(Object(yii\web\Request))
#3 D:\xampp\htdocs\advanced\frontend\web\index.php(18): yii\base\Application->run()
#4 {main}

Next exception 'yii\web\NotFoundHttpException' with message 'Unable to resolve the request: index/index' in D:\xampp\htdocs\advanced\vendor\yiisoft\yii2\web\Application.php:95
Stack trace:
#0 D:\xampp\htdocs\advanced\vendor\yiisoft\yii2\base\Application.php(375): yii\web\Application->handleRequest(Object(yii\web\Request))
#1 D:\xampp\htdocs\advanced\frontend\web\index.php(18): yii\base\Application->run()
#2 {main}
2014-12-04 09:22:25 [127.0.0.1][][-][info][application] $_GET = [
    'r' => 'index/index'
]

$_COOKIE = [
    'AJSTAT_ok_times' => '1'
    '_ga' => 'GA1.1.54924247.1416566351'
    '__zpspc' => '9.2.1416813744.1416814460.10#4|||||#'
    'PHPSESSID' => 'ge28mm5bvi4ci6eve5br9nkvh4'
    '_csrf' => 'b54426b2972caa3d555ff579ea201d7d24380751b0d0be4af579d1fa92f9532es:32:\"Xo-1rN4v4vsfcpL-PT706nt6t6hEk6CM\";'
]

$_SESSION = [
    '__flash' => []
    '__returnUrl' => '/advanced/backend/web/index.php?r=site'
]

$_SERVER = [
    'MIBDIRS' => 'D:/xampp/php/extras/mibs'
    'MYSQL_HOME' => '\\xampp\\mysql\\bin'
    'OPENSSL_CONF' => 'D:/xampp/apache/bin/openssl.cnf'
    'PHP_PEAR_SYSCONF_DIR' => '\\xampp\\php'
    'PHPRC' => '\\xampp\\php'
    'TMP' => '\\xampp\\tmp'
    'HTTP_HOST' => 'localhost'
    'HTTP_CONNECTION' => 'keep-alive'
    'HTTP_CACHE_CONTROL' => 'max-age=0'
    'HTTP_ACCEPT' => 'text/html,application/xhtml+xml,application/xml;q=0.9,image/webp,*/*;q=0.8'
    'HTTP_USER_AGENT' => 'Mozilla/5.0 (Windows NT 6.1; WOW64) AppleWebKit/537.36 (KHTML, like Gecko) Chrome/31.0.1650.57 Safari/537.36'
    'HTTP_ACCEPT_ENCODING' => 'gzip,deflate,sdch'
    'HTTP_ACCEPT_LANGUAGE' => 'zh-CN,zh;q=0.8,en;q=0.6'
    'HTTP_COOKIE' => 'AJSTAT_ok_times=1; _ga=GA1.1.54924247.1416566351; __zpspc=9.2.1416813744.1416814460.10%234%7C%7C%7C%7C%7C%23; PHPSESSID=ge28mm5bvi4ci6eve5br9nkvh4; _csrf=b54426b2972caa3d555ff579ea201d7d24380751b0d0be4af579d1fa92f9532es%3A32%3A%22Xo-1rN4v4vsfcpL-PT706nt6t6hEk6CM%22%3B'
    'PATH' => 'C:\\ProgramData\\Oracle\\Java\\javapath;C:\\Program Files (x86)\\NVIDIA Corporation\\PhysX\\Common;D:\\xampp\\php\\php.exe;D:\\Program Files\\Java\\jdk1.8.0_25\\bin;D:\\Program Files\\Java\\jdk1.8.0_25\\jre\\bin'
    'SystemRoot' => 'C:\\Windows'
    'COMSPEC' => 'C:\\Windows\\system32\\cmd.exe'
    'PATHEXT' => '.COM;.EXE;.BAT;.CMD;.VBS;.VBE;.JS;.JSE;.WSF;.WSH;.MSC'
    'WINDIR' => 'C:\\Windows'
    'SERVER_SIGNATURE' => '<address>Apache/2.4.4 (Win32) OpenSSL/1.0.1e PHP/5.5.1 Server at localhost Port 80</address>
'
    'SERVER_SOFTWARE' => 'Apache/2.4.4 (Win32) OpenSSL/1.0.1e PHP/5.5.1'
    'SERVER_NAME' => 'localhost'
    'SERVER_ADDR' => '127.0.0.1'
    'SERVER_PORT' => '80'
    'REMOTE_HOST' => 'ÇØ³å³å'
    'REMOTE_ADDR' => '127.0.0.1'
    'DOCUMENT_ROOT' => 'D:/xampp/htdocs/'
    'REQUEST_SCHEME' => 'http'
    'CONTEXT_PREFIX' => ''
    'CONTEXT_DOCUMENT_ROOT' => 'D:/xampp/htdocs/'
    'SERVER_ADMIN' => 'postmaster@localhost'
    'SCRIPT_FILENAME' => 'D:/xampp/htdocs/advanced/frontend/web/index.php'
    'REMOTE_PORT' => '58522'
    'GATEWAY_INTERFACE' => 'CGI/1.1'
    'SERVER_PROTOCOL' => 'HTTP/1.1'
    'REQUEST_METHOD' => 'GET'
    'QUERY_STRING' => 'r=index/index'
    'REQUEST_URI' => '/advanced/frontend/web/index.php?r=index/index'
    'SCRIPT_NAME' => '/advanced/frontend/web/index.php'
    'PHP_SELF' => '/advanced/frontend/web/index.php'
    'REQUEST_TIME_FLOAT' => 1417681345.896
    'REQUEST_TIME' => 1417681345
]
2014-12-04 09:22:33 [127.0.0.1][][-][error][yii\web\HttpException:404] exception 'yii\base\InvalidRouteException' with message 'Unable to resolve the request: index/index' in D:\xampp\htdocs\advanced\vendor\yiisoft\yii2\base\Controller.php:122
Stack trace:
#0 D:\xampp\htdocs\advanced\vendor\yiisoft\yii2\base\Module.php(455): yii\base\Controller->runAction('index', Array)
#1 D:\xampp\htdocs\advanced\vendor\yiisoft\yii2\web\Application.php(83): yii\base\Module->runAction('index/index', Array)
#2 D:\xampp\htdocs\advanced\vendor\yiisoft\yii2\base\Application.php(375): yii\web\Application->handleRequest(Object(yii\web\Request))
#3 D:\xampp\htdocs\advanced\frontend\web\index.php(18): yii\base\Application->run()
#4 {main}

Next exception 'yii\web\NotFoundHttpException' with message 'Unable to resolve the request: index/index' in D:\xampp\htdocs\advanced\vendor\yiisoft\yii2\web\Application.php:95
Stack trace:
#0 D:\xampp\htdocs\advanced\vendor\yiisoft\yii2\base\Application.php(375): yii\web\Application->handleRequest(Object(yii\web\Request))
#1 D:\xampp\htdocs\advanced\frontend\web\index.php(18): yii\base\Application->run()
#2 {main}
2014-12-04 09:22:33 [127.0.0.1][][-][info][application] $_GET = [
    'r' => 'index/index'
]

$_COOKIE = [
    'AJSTAT_ok_times' => '1'
    '_ga' => 'GA1.1.54924247.1416566351'
    '__zpspc' => '9.2.1416813744.1416814460.10#4|||||#'
    'PHPSESSID' => 'ge28mm5bvi4ci6eve5br9nkvh4'
    '_csrf' => 'b54426b2972caa3d555ff579ea201d7d24380751b0d0be4af579d1fa92f9532es:32:\"Xo-1rN4v4vsfcpL-PT706nt6t6hEk6CM\";'
]

$_SESSION = [
    '__flash' => []
    '__returnUrl' => '/advanced/backend/web/index.php?r=site'
]

$_SERVER = [
    'MIBDIRS' => 'D:/xampp/php/extras/mibs'
    'MYSQL_HOME' => '\\xampp\\mysql\\bin'
    'OPENSSL_CONF' => 'D:/xampp/apache/bin/openssl.cnf'
    'PHP_PEAR_SYSCONF_DIR' => '\\xampp\\php'
    'PHPRC' => '\\xampp\\php'
    'TMP' => '\\xampp\\tmp'
    'HTTP_HOST' => 'localhost'
    'HTTP_CONNECTION' => 'keep-alive'
    'HTTP_CACHE_CONTROL' => 'max-age=0'
    'HTTP_ACCEPT' => 'text/html,application/xhtml+xml,application/xml;q=0.9,image/webp,*/*;q=0.8'
    'HTTP_USER_AGENT' => 'Mozilla/5.0 (Windows NT 6.1; WOW64) AppleWebKit/537.36 (KHTML, like Gecko) Chrome/31.0.1650.57 Safari/537.36'
    'HTTP_ACCEPT_ENCODING' => 'gzip,deflate,sdch'
    'HTTP_ACCEPT_LANGUAGE' => 'zh-CN,zh;q=0.8,en;q=0.6'
    'HTTP_COOKIE' => 'AJSTAT_ok_times=1; _ga=GA1.1.54924247.1416566351; __zpspc=9.2.1416813744.1416814460.10%234%7C%7C%7C%7C%7C%23; PHPSESSID=ge28mm5bvi4ci6eve5br9nkvh4; _csrf=b54426b2972caa3d555ff579ea201d7d24380751b0d0be4af579d1fa92f9532es%3A32%3A%22Xo-1rN4v4vsfcpL-PT706nt6t6hEk6CM%22%3B'
    'PATH' => 'C:\\ProgramData\\Oracle\\Java\\javapath;C:\\Program Files (x86)\\NVIDIA Corporation\\PhysX\\Common;D:\\xampp\\php\\php.exe;D:\\Program Files\\Java\\jdk1.8.0_25\\bin;D:\\Program Files\\Java\\jdk1.8.0_25\\jre\\bin'
    'SystemRoot' => 'C:\\Windows'
    'COMSPEC' => 'C:\\Windows\\system32\\cmd.exe'
    'PATHEXT' => '.COM;.EXE;.BAT;.CMD;.VBS;.VBE;.JS;.JSE;.WSF;.WSH;.MSC'
    'WINDIR' => 'C:\\Windows'
    'SERVER_SIGNATURE' => '<address>Apache/2.4.4 (Win32) OpenSSL/1.0.1e PHP/5.5.1 Server at localhost Port 80</address>
'
    'SERVER_SOFTWARE' => 'Apache/2.4.4 (Win32) OpenSSL/1.0.1e PHP/5.5.1'
    'SERVER_NAME' => 'localhost'
    'SERVER_ADDR' => '127.0.0.1'
    'SERVER_PORT' => '80'
    'REMOTE_HOST' => 'ÇØ³å³å'
    'REMOTE_ADDR' => '127.0.0.1'
    'DOCUMENT_ROOT' => 'D:/xampp/htdocs/'
    'REQUEST_SCHEME' => 'http'
    'CONTEXT_PREFIX' => ''
    'CONTEXT_DOCUMENT_ROOT' => 'D:/xampp/htdocs/'
    'SERVER_ADMIN' => 'postmaster@localhost'
    'SCRIPT_FILENAME' => 'D:/xampp/htdocs/advanced/frontend/web/index.php'
    'REMOTE_PORT' => '58528'
    'GATEWAY_INTERFACE' => 'CGI/1.1'
    'SERVER_PROTOCOL' => 'HTTP/1.1'
    'REQUEST_METHOD' => 'GET'
    'QUERY_STRING' => 'r=index/index'
    'REQUEST_URI' => '/advanced/frontend/web/index.php?r=index/index'
    'SCRIPT_NAME' => '/advanced/frontend/web/index.php'
    'PHP_SELF' => '/advanced/frontend/web/index.php'
    'REQUEST_TIME_FLOAT' => 1417681353.048
    'REQUEST_TIME' => 1417681353
]
2014-12-04 09:22:33 [127.0.0.1][][-][error][yii\web\HttpException:404] exception 'yii\base\InvalidRouteException' with message 'Unable to resolve the request: index/index' in D:\xampp\htdocs\advanced\vendor\yiisoft\yii2\base\Controller.php:122
Stack trace:
#0 D:\xampp\htdocs\advanced\vendor\yiisoft\yii2\base\Module.php(455): yii\base\Controller->runAction('index', Array)
#1 D:\xampp\htdocs\advanced\vendor\yiisoft\yii2\web\Application.php(83): yii\base\Module->runAction('index/index', Array)
#2 D:\xampp\htdocs\advanced\vendor\yiisoft\yii2\base\Application.php(375): yii\web\Application->handleRequest(Object(yii\web\Request))
#3 D:\xampp\htdocs\advanced\frontend\web\index.php(18): yii\base\Application->run()
#4 {main}

Next exception 'yii\web\NotFoundHttpException' with message 'Unable to resolve the request: index/index' in D:\xampp\htdocs\advanced\vendor\yiisoft\yii2\web\Application.php:95
Stack trace:
#0 D:\xampp\htdocs\advanced\vendor\yiisoft\yii2\base\Application.php(375): yii\web\Application->handleRequest(Object(yii\web\Request))
#1 D:\xampp\htdocs\advanced\frontend\web\index.php(18): yii\base\Application->run()
#2 {main}
2014-12-04 09:22:33 [127.0.0.1][][-][info][application] $_GET = [
    'r' => 'index/index'
]

$_COOKIE = [
    'AJSTAT_ok_times' => '1'
    '_ga' => 'GA1.1.54924247.1416566351'
    '__zpspc' => '9.2.1416813744.1416814460.10#4|||||#'
    'PHPSESSID' => 'ge28mm5bvi4ci6eve5br9nkvh4'
    '_csrf' => 'b54426b2972caa3d555ff579ea201d7d24380751b0d0be4af579d1fa92f9532es:32:\"Xo-1rN4v4vsfcpL-PT706nt6t6hEk6CM\";'
]

$_SESSION = [
    '__flash' => []
    '__returnUrl' => '/advanced/backend/web/index.php?r=site'
]

$_SERVER = [
    'MIBDIRS' => 'D:/xampp/php/extras/mibs'
    'MYSQL_HOME' => '\\xampp\\mysql\\bin'
    'OPENSSL_CONF' => 'D:/xampp/apache/bin/openssl.cnf'
    'PHP_PEAR_SYSCONF_DIR' => '\\xampp\\php'
    'PHPRC' => '\\xampp\\php'
    'TMP' => '\\xampp\\tmp'
    'HTTP_HOST' => 'localhost'
    'HTTP_CONNECTION' => 'keep-alive'
    'HTTP_CACHE_CONTROL' => 'max-age=0'
    'HTTP_ACCEPT' => 'text/html,application/xhtml+xml,application/xml;q=0.9,image/webp,*/*;q=0.8'
    'HTTP_USER_AGENT' => 'Mozilla/5.0 (Windows NT 6.1; WOW64) AppleWebKit/537.36 (KHTML, like Gecko) Chrome/31.0.1650.57 Safari/537.36'
    'HTTP_ACCEPT_ENCODING' => 'gzip,deflate,sdch'
    'HTTP_ACCEPT_LANGUAGE' => 'zh-CN,zh;q=0.8,en;q=0.6'
    'HTTP_COOKIE' => 'AJSTAT_ok_times=1; _ga=GA1.1.54924247.1416566351; __zpspc=9.2.1416813744.1416814460.10%234%7C%7C%7C%7C%7C%23; PHPSESSID=ge28mm5bvi4ci6eve5br9nkvh4; _csrf=b54426b2972caa3d555ff579ea201d7d24380751b0d0be4af579d1fa92f9532es%3A32%3A%22Xo-1rN4v4vsfcpL-PT706nt6t6hEk6CM%22%3B'
    'PATH' => 'C:\\ProgramData\\Oracle\\Java\\javapath;C:\\Program Files (x86)\\NVIDIA Corporation\\PhysX\\Common;D:\\xampp\\php\\php.exe;D:\\Program Files\\Java\\jdk1.8.0_25\\bin;D:\\Program Files\\Java\\jdk1.8.0_25\\jre\\bin'
    'SystemRoot' => 'C:\\Windows'
    'COMSPEC' => 'C:\\Windows\\system32\\cmd.exe'
    'PATHEXT' => '.COM;.EXE;.BAT;.CMD;.VBS;.VBE;.JS;.JSE;.WSF;.WSH;.MSC'
    'WINDIR' => 'C:\\Windows'
    'SERVER_SIGNATURE' => '<address>Apache/2.4.4 (Win32) OpenSSL/1.0.1e PHP/5.5.1 Server at localhost Port 80</address>
'
    'SERVER_SOFTWARE' => 'Apache/2.4.4 (Win32) OpenSSL/1.0.1e PHP/5.5.1'
    'SERVER_NAME' => 'localhost'
    'SERVER_ADDR' => '127.0.0.1'
    'SERVER_PORT' => '80'
    'REMOTE_HOST' => 'ÇØ³å³å'
    'REMOTE_ADDR' => '127.0.0.1'
    'DOCUMENT_ROOT' => 'D:/xampp/htdocs/'
    'REQUEST_SCHEME' => 'http'
    'CONTEXT_PREFIX' => ''
    'CONTEXT_DOCUMENT_ROOT' => 'D:/xampp/htdocs/'
    'SERVER_ADMIN' => 'postmaster@localhost'
    'SCRIPT_FILENAME' => 'D:/xampp/htdocs/advanced/frontend/web/index.php'
    'REMOTE_PORT' => '58531'
    'GATEWAY_INTERFACE' => 'CGI/1.1'
    'SERVER_PROTOCOL' => 'HTTP/1.1'
    'REQUEST_METHOD' => 'GET'
    'QUERY_STRING' => 'r=index/index'
    'REQUEST_URI' => '/advanced/frontend/web/index.php?r=index/index'
    'SCRIPT_NAME' => '/advanced/frontend/web/index.php'
    'PHP_SELF' => '/advanced/frontend/web/index.php'
    'REQUEST_TIME_FLOAT' => 1417681353.641
    'REQUEST_TIME' => 1417681353
]
2014-12-04 09:22:33 [127.0.0.1][][-][error][yii\web\HttpException:404] exception 'yii\base\InvalidRouteException' with message 'Unable to resolve the request: index/index' in D:\xampp\htdocs\advanced\vendor\yiisoft\yii2\base\Controller.php:122
Stack trace:
#0 D:\xampp\htdocs\advanced\vendor\yiisoft\yii2\base\Module.php(455): yii\base\Controller->runAction('index', Array)
#1 D:\xampp\htdocs\advanced\vendor\yiisoft\yii2\web\Application.php(83): yii\base\Module->runAction('index/index', Array)
#2 D:\xampp\htdocs\advanced\vendor\yiisoft\yii2\base\Application.php(375): yii\web\Application->handleRequest(Object(yii\web\Request))
#3 D:\xampp\htdocs\advanced\frontend\web\index.php(18): yii\base\Application->run()
#4 {main}

Next exception 'yii\web\NotFoundHttpException' with message 'Unable to resolve the request: index/index' in D:\xampp\htdocs\advanced\vendor\yiisoft\yii2\web\Application.php:95
Stack trace:
#0 D:\xampp\htdocs\advanced\vendor\yiisoft\yii2\base\Application.php(375): yii\web\Application->handleRequest(Object(yii\web\Request))
#1 D:\xampp\htdocs\advanced\frontend\web\index.php(18): yii\base\Application->run()
#2 {main}
2014-12-04 09:22:33 [127.0.0.1][][-][info][application] $_GET = [
    'r' => 'index/index'
]

$_COOKIE = [
    'AJSTAT_ok_times' => '1'
    '_ga' => 'GA1.1.54924247.1416566351'
    '__zpspc' => '9.2.1416813744.1416814460.10#4|||||#'
    'PHPSESSID' => 'ge28mm5bvi4ci6eve5br9nkvh4'
    '_csrf' => 'b54426b2972caa3d555ff579ea201d7d24380751b0d0be4af579d1fa92f9532es:32:\"Xo-1rN4v4vsfcpL-PT706nt6t6hEk6CM\";'
]

$_SESSION = [
    '__flash' => []
    '__returnUrl' => '/advanced/backend/web/index.php?r=site'
]

$_SERVER = [
    'MIBDIRS' => 'D:/xampp/php/extras/mibs'
    'MYSQL_HOME' => '\\xampp\\mysql\\bin'
    'OPENSSL_CONF' => 'D:/xampp/apache/bin/openssl.cnf'
    'PHP_PEAR_SYSCONF_DIR' => '\\xampp\\php'
    'PHPRC' => '\\xampp\\php'
    'TMP' => '\\xampp\\tmp'
    'HTTP_HOST' => 'localhost'
    'HTTP_CONNECTION' => 'keep-alive'
    'HTTP_CACHE_CONTROL' => 'max-age=0'
    'HTTP_ACCEPT' => 'text/html,application/xhtml+xml,application/xml;q=0.9,image/webp,*/*;q=0.8'
    'HTTP_USER_AGENT' => 'Mozilla/5.0 (Windows NT 6.1; WOW64) AppleWebKit/537.36 (KHTML, like Gecko) Chrome/31.0.1650.57 Safari/537.36'
    'HTTP_ACCEPT_ENCODING' => 'gzip,deflate,sdch'
    'HTTP_ACCEPT_LANGUAGE' => 'zh-CN,zh;q=0.8,en;q=0.6'
    'HTTP_COOKIE' => 'AJSTAT_ok_times=1; _ga=GA1.1.54924247.1416566351; __zpspc=9.2.1416813744.1416814460.10%234%7C%7C%7C%7C%7C%23; PHPSESSID=ge28mm5bvi4ci6eve5br9nkvh4; _csrf=b54426b2972caa3d555ff579ea201d7d24380751b0d0be4af579d1fa92f9532es%3A32%3A%22Xo-1rN4v4vsfcpL-PT706nt6t6hEk6CM%22%3B'
    'PATH' => 'C:\\ProgramData\\Oracle\\Java\\javapath;C:\\Program Files (x86)\\NVIDIA Corporation\\PhysX\\Common;D:\\xampp\\php\\php.exe;D:\\Program Files\\Java\\jdk1.8.0_25\\bin;D:\\Program Files\\Java\\jdk1.8.0_25\\jre\\bin'
    'SystemRoot' => 'C:\\Windows'
    'COMSPEC' => 'C:\\Windows\\system32\\cmd.exe'
    'PATHEXT' => '.COM;.EXE;.BAT;.CMD;.VBS;.VBE;.JS;.JSE;.WSF;.WSH;.MSC'
    'WINDIR' => 'C:\\Windows'
    'SERVER_SIGNATURE' => '<address>Apache/2.4.4 (Win32) OpenSSL/1.0.1e PHP/5.5.1 Server at localhost Port 80</address>
'
    'SERVER_SOFTWARE' => 'Apache/2.4.4 (Win32) OpenSSL/1.0.1e PHP/5.5.1'
    'SERVER_NAME' => 'localhost'
    'SERVER_ADDR' => '127.0.0.1'
    'SERVER_PORT' => '80'
    'REMOTE_HOST' => 'ÇØ³å³å'
    'REMOTE_ADDR' => '127.0.0.1'
    'DOCUMENT_ROOT' => 'D:/xampp/htdocs/'
    'REQUEST_SCHEME' => 'http'
    'CONTEXT_PREFIX' => ''
    'CONTEXT_DOCUMENT_ROOT' => 'D:/xampp/htdocs/'
    'SERVER_ADMIN' => 'postmaster@localhost'
    'SCRIPT_FILENAME' => 'D:/xampp/htdocs/advanced/frontend/web/index.php'
    'REMOTE_PORT' => '58531'
    'GATEWAY_INTERFACE' => 'CGI/1.1'
    'SERVER_PROTOCOL' => 'HTTP/1.1'
    'REQUEST_METHOD' => 'GET'
    'QUERY_STRING' => 'r=index/index'
    'REQUEST_URI' => '/advanced/frontend/web/index.php?r=index/index'
    'SCRIPT_NAME' => '/advanced/frontend/web/index.php'
    'PHP_SELF' => '/advanced/frontend/web/index.php'
    'REQUEST_TIME_FLOAT' => 1417681353.852
    'REQUEST_TIME' => 1417681353
]
2014-12-04 09:22:34 [127.0.0.1][][-][error][yii\web\HttpException:404] exception 'yii\base\InvalidRouteException' with message 'Unable to resolve the request: index/index' in D:\xampp\htdocs\advanced\vendor\yiisoft\yii2\base\Controller.php:122
Stack trace:
#0 D:\xampp\htdocs\advanced\vendor\yiisoft\yii2\base\Module.php(455): yii\base\Controller->runAction('index', Array)
#1 D:\xampp\htdocs\advanced\vendor\yiisoft\yii2\web\Application.php(83): yii\base\Module->runAction('index/index', Array)
#2 D:\xampp\htdocs\advanced\vendor\yiisoft\yii2\base\Application.php(375): yii\web\Application->handleRequest(Object(yii\web\Request))
#3 D:\xampp\htdocs\advanced\frontend\web\index.php(18): yii\base\Application->run()
#4 {main}

Next exception 'yii\web\NotFoundHttpException' with message 'Unable to resolve the request: index/index' in D:\xampp\htdocs\advanced\vendor\yiisoft\yii2\web\Application.php:95
Stack trace:
#0 D:\xampp\htdocs\advanced\vendor\yiisoft\yii2\base\Application.php(375): yii\web\Application->handleRequest(Object(yii\web\Request))
#1 D:\xampp\htdocs\advanced\frontend\web\index.php(18): yii\base\Application->run()
#2 {main}
2014-12-04 09:22:33 [127.0.0.1][][-][info][application] $_GET = [
    'r' => 'index/index'
]

$_COOKIE = [
    'AJSTAT_ok_times' => '1'
    '_ga' => 'GA1.1.54924247.1416566351'
    '__zpspc' => '9.2.1416813744.1416814460.10#4|||||#'
    'PHPSESSID' => 'ge28mm5bvi4ci6eve5br9nkvh4'
    '_csrf' => 'b54426b2972caa3d555ff579ea201d7d24380751b0d0be4af579d1fa92f9532es:32:\"Xo-1rN4v4vsfcpL-PT706nt6t6hEk6CM\";'
]

$_SESSION = [
    '__flash' => []
    '__returnUrl' => '/advanced/backend/web/index.php?r=site'
]

$_SERVER = [
    'MIBDIRS' => 'D:/xampp/php/extras/mibs'
    'MYSQL_HOME' => '\\xampp\\mysql\\bin'
    'OPENSSL_CONF' => 'D:/xampp/apache/bin/openssl.cnf'
    'PHP_PEAR_SYSCONF_DIR' => '\\xampp\\php'
    'PHPRC' => '\\xampp\\php'
    'TMP' => '\\xampp\\tmp'
    'HTTP_HOST' => 'localhost'
    'HTTP_CONNECTION' => 'keep-alive'
    'HTTP_CACHE_CONTROL' => 'max-age=0'
    'HTTP_ACCEPT' => 'text/html,application/xhtml+xml,application/xml;q=0.9,image/webp,*/*;q=0.8'
    'HTTP_USER_AGENT' => 'Mozilla/5.0 (Windows NT 6.1; WOW64) AppleWebKit/537.36 (KHTML, like Gecko) Chrome/31.0.1650.57 Safari/537.36'
    'HTTP_ACCEPT_ENCODING' => 'gzip,deflate,sdch'
    'HTTP_ACCEPT_LANGUAGE' => 'zh-CN,zh;q=0.8,en;q=0.6'
    'HTTP_COOKIE' => 'AJSTAT_ok_times=1; _ga=GA1.1.54924247.1416566351; __zpspc=9.2.1416813744.1416814460.10%234%7C%7C%7C%7C%7C%23; PHPSESSID=ge28mm5bvi4ci6eve5br9nkvh4; _csrf=b54426b2972caa3d555ff579ea201d7d24380751b0d0be4af579d1fa92f9532es%3A32%3A%22Xo-1rN4v4vsfcpL-PT706nt6t6hEk6CM%22%3B'
    'PATH' => 'C:\\ProgramData\\Oracle\\Java\\javapath;C:\\Program Files (x86)\\NVIDIA Corporation\\PhysX\\Common;D:\\xampp\\php\\php.exe;D:\\Program Files\\Java\\jdk1.8.0_25\\bin;D:\\Program Files\\Java\\jdk1.8.0_25\\jre\\bin'
    'SystemRoot' => 'C:\\Windows'
    'COMSPEC' => 'C:\\Windows\\system32\\cmd.exe'
    'PATHEXT' => '.COM;.EXE;.BAT;.CMD;.VBS;.VBE;.JS;.JSE;.WSF;.WSH;.MSC'
    'WINDIR' => 'C:\\Windows'
    'SERVER_SIGNATURE' => '<address>Apache/2.4.4 (Win32) OpenSSL/1.0.1e PHP/5.5.1 Server at localhost Port 80</address>
'
    'SERVER_SOFTWARE' => 'Apache/2.4.4 (Win32) OpenSSL/1.0.1e PHP/5.5.1'
    'SERVER_NAME' => 'localhost'
    'SERVER_ADDR' => '127.0.0.1'
    'SERVER_PORT' => '80'
    'REMOTE_HOST' => 'ÇØ³å³å'
    'REMOTE_ADDR' => '127.0.0.1'
    'DOCUMENT_ROOT' => 'D:/xampp/htdocs/'
    'REQUEST_SCHEME' => 'http'
    'CONTEXT_PREFIX' => ''
    'CONTEXT_DOCUMENT_ROOT' => 'D:/xampp/htdocs/'
    'SERVER_ADMIN' => 'postmaster@localhost'
    'SCRIPT_FILENAME' => 'D:/xampp/htdocs/advanced/frontend/web/index.php'
    'REMOTE_PORT' => '58529'
    'GATEWAY_INTERFACE' => 'CGI/1.1'
    'SERVER_PROTOCOL' => 'HTTP/1.1'
    'REQUEST_METHOD' => 'GET'
    'QUERY_STRING' => 'r=index/index'
    'REQUEST_URI' => '/advanced/frontend/web/index.php?r=index/index'
    'SCRIPT_NAME' => '/advanced/frontend/web/index.php'
    'PHP_SELF' => '/advanced/frontend/web/index.php'
    'REQUEST_TIME_FLOAT' => 1417681353.985
    'REQUEST_TIME' => 1417681353
]
2014-12-04 09:22:34 [127.0.0.1][][-][error][yii\web\HttpException:404] exception 'yii\base\InvalidRouteException' with message 'Unable to resolve the request: index/index' in D:\xampp\htdocs\advanced\vendor\yiisoft\yii2\base\Controller.php:122
Stack trace:
#0 D:\xampp\htdocs\advanced\vendor\yiisoft\yii2\base\Module.php(455): yii\base\Controller->runAction('index', Array)
#1 D:\xampp\htdocs\advanced\vendor\yiisoft\yii2\web\Application.php(83): yii\base\Module->runAction('index/index', Array)
#2 D:\xampp\htdocs\advanced\vendor\yiisoft\yii2\base\Application.php(375): yii\web\Application->handleRequest(Object(yii\web\Request))
#3 D:\xampp\htdocs\advanced\frontend\web\index.php(18): yii\base\Application->run()
#4 {main}

Next exception 'yii\web\NotFoundHttpException' with message 'Unable to resolve the request: index/index' in D:\xampp\htdocs\advanced\vendor\yiisoft\yii2\web\Application.php:95
Stack trace:
#0 D:\xampp\htdocs\advanced\vendor\yiisoft\yii2\base\Application.php(375): yii\web\Application->handleRequest(Object(yii\web\Request))
#1 D:\xampp\htdocs\advanced\frontend\web\index.php(18): yii\base\Application->run()
#2 {main}
2014-12-04 09:22:34 [127.0.0.1][][-][info][application] $_GET = [
    'r' => 'index/index'
]

$_COOKIE = [
    'AJSTAT_ok_times' => '1'
    '_ga' => 'GA1.1.54924247.1416566351'
    '__zpspc' => '9.2.1416813744.1416814460.10#4|||||#'
    'PHPSESSID' => 'ge28mm5bvi4ci6eve5br9nkvh4'
    '_csrf' => 'b54426b2972caa3d555ff579ea201d7d24380751b0d0be4af579d1fa92f9532es:32:\"Xo-1rN4v4vsfcpL-PT706nt6t6hEk6CM\";'
]

$_SESSION = [
    '__flash' => []
    '__returnUrl' => '/advanced/backend/web/index.php?r=site'
]

$_SERVER = [
    'MIBDIRS' => 'D:/xampp/php/extras/mibs'
    'MYSQL_HOME' => '\\xampp\\mysql\\bin'
    'OPENSSL_CONF' => 'D:/xampp/apache/bin/openssl.cnf'
    'PHP_PEAR_SYSCONF_DIR' => '\\xampp\\php'
    'PHPRC' => '\\xampp\\php'
    'TMP' => '\\xampp\\tmp'
    'HTTP_HOST' => 'localhost'
    'HTTP_CONNECTION' => 'keep-alive'
    'HTTP_CACHE_CONTROL' => 'max-age=0'
    'HTTP_ACCEPT' => 'text/html,application/xhtml+xml,application/xml;q=0.9,image/webp,*/*;q=0.8'
    'HTTP_USER_AGENT' => 'Mozilla/5.0 (Windows NT 6.1; WOW64) AppleWebKit/537.36 (KHTML, like Gecko) Chrome/31.0.1650.57 Safari/537.36'
    'HTTP_ACCEPT_ENCODING' => 'gzip,deflate,sdch'
    'HTTP_ACCEPT_LANGUAGE' => 'zh-CN,zh;q=0.8,en;q=0.6'
    'HTTP_COOKIE' => 'AJSTAT_ok_times=1; _ga=GA1.1.54924247.1416566351; __zpspc=9.2.1416813744.1416814460.10%234%7C%7C%7C%7C%7C%23; PHPSESSID=ge28mm5bvi4ci6eve5br9nkvh4; _csrf=b54426b2972caa3d555ff579ea201d7d24380751b0d0be4af579d1fa92f9532es%3A32%3A%22Xo-1rN4v4vsfcpL-PT706nt6t6hEk6CM%22%3B'
    'PATH' => 'C:\\ProgramData\\Oracle\\Java\\javapath;C:\\Program Files (x86)\\NVIDIA Corporation\\PhysX\\Common;D:\\xampp\\php\\php.exe;D:\\Program Files\\Java\\jdk1.8.0_25\\bin;D:\\Program Files\\Java\\jdk1.8.0_25\\jre\\bin'
    'SystemRoot' => 'C:\\Windows'
    'COMSPEC' => 'C:\\Windows\\system32\\cmd.exe'
    'PATHEXT' => '.COM;.EXE;.BAT;.CMD;.VBS;.VBE;.JS;.JSE;.WSF;.WSH;.MSC'
    'WINDIR' => 'C:\\Windows'
    'SERVER_SIGNATURE' => '<address>Apache/2.4.4 (Win32) OpenSSL/1.0.1e PHP/5.5.1 Server at localhost Port 80</address>
'
    'SERVER_SOFTWARE' => 'Apache/2.4.4 (Win32) OpenSSL/1.0.1e PHP/5.5.1'
    'SERVER_NAME' => 'localhost'
    'SERVER_ADDR' => '127.0.0.1'
    'SERVER_PORT' => '80'
    'REMOTE_HOST' => 'ÇØ³å³å'
    'REMOTE_ADDR' => '127.0.0.1'
    'DOCUMENT_ROOT' => 'D:/xampp/htdocs/'
    'REQUEST_SCHEME' => 'http'
    'CONTEXT_PREFIX' => ''
    'CONTEXT_DOCUMENT_ROOT' => 'D:/xampp/htdocs/'
    'SERVER_ADMIN' => 'postmaster@localhost'
    'SCRIPT_FILENAME' => 'D:/xampp/htdocs/advanced/frontend/web/index.php'
    'REMOTE_PORT' => '58531'
    'GATEWAY_INTERFACE' => 'CGI/1.1'
    'SERVER_PROTOCOL' => 'HTTP/1.1'
    'REQUEST_METHOD' => 'GET'
    'QUERY_STRING' => 'r=index/index'
    'REQUEST_URI' => '/advanced/frontend/web/index.php?r=index/index'
    'SCRIPT_NAME' => '/advanced/frontend/web/index.php'
    'PHP_SELF' => '/advanced/frontend/web/index.php'
    'REQUEST_TIME_FLOAT' => 1417681354.148
    'REQUEST_TIME' => 1417681354
]
2014-12-05 07:35:03 [127.0.0.1][][-][error][yii\web\HttpException:404] exception 'yii\base\InvalidRouteException' with message 'Unable to resolve the request: site/' in D:\xampp\htdocs\one\myweike\advanced\vendor\yiisoft\yii2\base\Controller.php:122
Stack trace:
#0 D:\xampp\htdocs\one\myweike\advanced\vendor\yiisoft\yii2\base\Module.php(455): yii\base\Controller->runAction('', Array)
#1 D:\xampp\htdocs\one\myweike\advanced\vendor\yiisoft\yii2\web\Application.php(83): yii\base\Module->runAction('', Array)
#2 D:\xampp\htdocs\one\myweike\advanced\vendor\yiisoft\yii2\base\Application.php(375): yii\web\Application->handleRequest(Object(yii\web\Request))
#3 D:\xampp\htdocs\one\myweike\advanced\frontend\web\index.php(18): yii\base\Application->run()
#4 {main}

Next exception 'yii\web\NotFoundHttpException' with message 'Unable to resolve the request: site/' in D:\xampp\htdocs\one\myweike\advanced\vendor\yiisoft\yii2\web\Application.php:95
Stack trace:
#0 D:\xampp\htdocs\one\myweike\advanced\vendor\yiisoft\yii2\base\Application.php(375): yii\web\Application->handleRequest(Object(yii\web\Request))
#1 D:\xampp\htdocs\one\myweike\advanced\frontend\web\index.php(18): yii\base\Application->run()
#2 {main}
2014-12-05 07:35:03 [127.0.0.1][][-][info][application] $_COOKIE = [
    'PHPSESSID' => 'ips5h2bqebglmju8ee1p6ovot3'
    '_csrf' => '44f26831537b3b5386a4362bcacce8be440072358d159da987145df51d612dfbs:32:\"NJ5OBF0NzdE2qu4YOL2itxjoxdd2yULL\";'
]

$_SESSION = [
    '__flash' => []
    '__returnUrl' => '/one/myweike/advanced/backend/web/'
]

$_SERVER = [
    'MIBDIRS' => 'D:/xampp/php/extras/mibs'
    'MYSQL_HOME' => '\\xampp\\mysql\\bin'
    'OPENSSL_CONF' => 'D:/xampp/apache/bin/openssl.cnf'
    'PHP_PEAR_SYSCONF_DIR' => '\\xampp\\php'
    'PHPRC' => '\\xampp\\php'
    'TMP' => '\\xampp\\tmp'
    'HTTP_HOST' => 'localhost'
    'HTTP_USER_AGENT' => 'Mozilla/5.0 (Windows NT 6.1; WOW64; rv:34.0) Gecko/20100101 Firefox/34.0'
    'HTTP_ACCEPT' => 'text/html,application/xhtml+xml,application/xml;q=0.9,*/*;q=0.8'
    'HTTP_ACCEPT_LANGUAGE' => 'zh-cn,zh;q=0.8,en-us;q=0.5,en;q=0.3'
    'HTTP_ACCEPT_ENCODING' => 'gzip, deflate'
    'HTTP_COOKIE' => 'PHPSESSID=ips5h2bqebglmju8ee1p6ovot3; _csrf=44f26831537b3b5386a4362bcacce8be440072358d159da987145df51d612dfbs%3A32%3A%22NJ5OBF0NzdE2qu4YOL2itxjoxdd2yULL%22%3B'
    'HTTP_CONNECTION' => 'keep-alive'
    'PATH' => 'C:\\Program Files\\Broadcom\\Broadcom 802.11 Network Adapter\\Driver;D:\\web\\php\\;C:\\Windows\\system32;C:\\Windows;C:\\Windows\\System32\\Wbem;C:\\Windows\\System32\\WindowsPowerShell\\v1.0\\;D:\\Program Files (x86)\\SVN\\bin;D:\\web\\mysql\\bin;D:\\Program Files\\Java\\jdk1.8.0_25\\bin;D:\\Program Files\\Java\\jdk1.8.0_25\\jre\\bin;D:\\Program Files\\TortoiseGit\\bin;C:\\ProgramData\\ComposerSetup\\bin'
    'SystemRoot' => 'C:\\Windows'
    'COMSPEC' => 'C:\\Windows\\system32\\cmd.exe'
    'PATHEXT' => '.COM;.EXE;.BAT;.CMD;.VBS;.VBE;.JS;.JSE;.WSF;.WSH;.MSC'
    'WINDIR' => 'C:\\Windows'
    'SERVER_SIGNATURE' => '<address>Apache/2.4.4 (Win32) OpenSSL/1.0.1e PHP/5.5.1 Server at localhost Port 80</address>
'
    'SERVER_SOFTWARE' => 'Apache/2.4.4 (Win32) OpenSSL/1.0.1e PHP/5.5.1'
    'SERVER_NAME' => 'localhost'
    'SERVER_ADDR' => '127.0.0.1'
    'SERVER_PORT' => '80'
    'REMOTE_ADDR' => '127.0.0.1'
    'DOCUMENT_ROOT' => 'D:/xampp/htdocs'
    'REQUEST_SCHEME' => 'http'
    'CONTEXT_PREFIX' => ''
    'CONTEXT_DOCUMENT_ROOT' => 'D:/xampp/htdocs'
    'SERVER_ADMIN' => 'postmaster@localhost'
    'SCRIPT_FILENAME' => 'D:/xampp/htdocs/one/myweike/advanced/frontend/web/index.php'
    'REMOTE_PORT' => '59575'
    'GATEWAY_INTERFACE' => 'CGI/1.1'
    'SERVER_PROTOCOL' => 'HTTP/1.1'
    'REQUEST_METHOD' => 'GET'
    'QUERY_STRING' => ''
    'REQUEST_URI' => '/one/myweike/advanced/frontend/web/'
    'SCRIPT_NAME' => '/one/myweike/advanced/frontend/web/index.php'
    'PHP_SELF' => '/one/myweike/advanced/frontend/web/index.php'
    'REQUEST_TIME_FLOAT' => 1417761303.814
    'REQUEST_TIME' => 1417761303
]
2014-12-05 07:35:12 [127.0.0.1][][-][error][yii\web\HttpException:404] exception 'yii\base\InvalidRouteException' with message 'Unable to resolve the request: site/' in D:\xampp\htdocs\one\myweike\advanced\vendor\yiisoft\yii2\base\Controller.php:122
Stack trace:
#0 D:\xampp\htdocs\one\myweike\advanced\vendor\yiisoft\yii2\base\Module.php(455): yii\base\Controller->runAction('', Array)
#1 D:\xampp\htdocs\one\myweike\advanced\vendor\yiisoft\yii2\web\Application.php(83): yii\base\Module->runAction('', Array)
#2 D:\xampp\htdocs\one\myweike\advanced\vendor\yiisoft\yii2\base\Application.php(375): yii\web\Application->handleRequest(Object(yii\web\Request))
#3 D:\xampp\htdocs\one\myweike\advanced\frontend\web\index.php(18): yii\base\Application->run()
#4 {main}

Next exception 'yii\web\NotFoundHttpException' with message 'Unable to resolve the request: site/' in D:\xampp\htdocs\one\myweike\advanced\vendor\yiisoft\yii2\web\Application.php:95
Stack trace:
#0 D:\xampp\htdocs\one\myweike\advanced\vendor\yiisoft\yii2\base\Application.php(375): yii\web\Application->handleRequest(Object(yii\web\Request))
#1 D:\xampp\htdocs\one\myweike\advanced\frontend\web\index.php(18): yii\base\Application->run()
#2 {main}
2014-12-05 07:35:12 [127.0.0.1][][-][info][application] $_COOKIE = [
    'PHPSESSID' => 'ips5h2bqebglmju8ee1p6ovot3'
    '_csrf' => 'd07ca65288230e547e491458a9244848fef6300b113785e9483b090937850834s:32:\"EZzWLSWISa4_d2t1d2s7oPxpTKGr1Gqu\";'
]

$_SESSION = [
    '__flash' => []
    '__returnUrl' => '/one/myweike/advanced/backend/web/'
]

$_SERVER = [
    'MIBDIRS' => 'D:/xampp/php/extras/mibs'
    'MYSQL_HOME' => '\\xampp\\mysql\\bin'
    'OPENSSL_CONF' => 'D:/xampp/apache/bin/openssl.cnf'
    'PHP_PEAR_SYSCONF_DIR' => '\\xampp\\php'
    'PHPRC' => '\\xampp\\php'
    'TMP' => '\\xampp\\tmp'
    'HTTP_HOST' => 'localhost'
    'HTTP_USER_AGENT' => 'Mozilla/5.0 (Windows NT 6.1; WOW64; rv:34.0) Gecko/20100101 Firefox/34.0'
    'HTTP_ACCEPT' => 'text/html,application/xhtml+xml,application/xml;q=0.9,*/*;q=0.8'
    'HTTP_ACCEPT_LANGUAGE' => 'zh-cn,zh;q=0.8,en-us;q=0.5,en;q=0.3'
    'HTTP_ACCEPT_ENCODING' => 'gzip, deflate'
    'HTTP_COOKIE' => 'PHPSESSID=ips5h2bqebglmju8ee1p6ovot3; _csrf=d07ca65288230e547e491458a9244848fef6300b113785e9483b090937850834s%3A32%3A%22EZzWLSWISa4_d2t1d2s7oPxpTKGr1Gqu%22%3B'
    'HTTP_CONNECTION' => 'keep-alive'
    'PATH' => 'C:\\Program Files\\Broadcom\\Broadcom 802.11 Network Adapter\\Driver;D:\\web\\php\\;C:\\Windows\\system32;C:\\Windows;C:\\Windows\\System32\\Wbem;C:\\Windows\\System32\\WindowsPowerShell\\v1.0\\;D:\\Program Files (x86)\\SVN\\bin;D:\\web\\mysql\\bin;D:\\Program Files\\Java\\jdk1.8.0_25\\bin;D:\\Program Files\\Java\\jdk1.8.0_25\\jre\\bin;D:\\Program Files\\TortoiseGit\\bin;C:\\ProgramData\\ComposerSetup\\bin'
    'SystemRoot' => 'C:\\Windows'
    'COMSPEC' => 'C:\\Windows\\system32\\cmd.exe'
    'PATHEXT' => '.COM;.EXE;.BAT;.CMD;.VBS;.VBE;.JS;.JSE;.WSF;.WSH;.MSC'
    'WINDIR' => 'C:\\Windows'
    'SERVER_SIGNATURE' => '<address>Apache/2.4.4 (Win32) OpenSSL/1.0.1e PHP/5.5.1 Server at localhost Port 80</address>
'
    'SERVER_SOFTWARE' => 'Apache/2.4.4 (Win32) OpenSSL/1.0.1e PHP/5.5.1'
    'SERVER_NAME' => 'localhost'
    'SERVER_ADDR' => '127.0.0.1'
    'SERVER_PORT' => '80'
    'REMOTE_ADDR' => '127.0.0.1'
    'DOCUMENT_ROOT' => 'D:/xampp/htdocs'
    'REQUEST_SCHEME' => 'http'
    'CONTEXT_PREFIX' => ''
    'CONTEXT_DOCUMENT_ROOT' => 'D:/xampp/htdocs'
    'SERVER_ADMIN' => 'postmaster@localhost'
    'SCRIPT_FILENAME' => 'D:/xampp/htdocs/one/myweike/advanced/frontend/web/index.php'
    'REMOTE_PORT' => '59601'
    'GATEWAY_INTERFACE' => 'CGI/1.1'
    'SERVER_PROTOCOL' => 'HTTP/1.1'
    'REQUEST_METHOD' => 'GET'
    'QUERY_STRING' => ''
    'REQUEST_URI' => '/one/myweike/advanced/frontend/web/'
    'SCRIPT_NAME' => '/one/myweike/advanced/frontend/web/index.php'
    'PHP_SELF' => '/one/myweike/advanced/frontend/web/index.php'
    'REQUEST_TIME_FLOAT' => 1417761312.543
    'REQUEST_TIME' => 1417761312
]
2014-12-05 07:35:13 [127.0.0.1][][-][error][yii\web\HttpException:404] exception 'yii\base\InvalidRouteException' with message 'Unable to resolve the request: site/' in D:\xampp\htdocs\one\myweike\advanced\vendor\yiisoft\yii2\base\Controller.php:122
Stack trace:
#0 D:\xampp\htdocs\one\myweike\advanced\vendor\yiisoft\yii2\base\Module.php(455): yii\base\Controller->runAction('', Array)
#1 D:\xampp\htdocs\one\myweike\advanced\vendor\yiisoft\yii2\web\Application.php(83): yii\base\Module->runAction('', Array)
#2 D:\xampp\htdocs\one\myweike\advanced\vendor\yiisoft\yii2\base\Application.php(375): yii\web\Application->handleRequest(Object(yii\web\Request))
#3 D:\xampp\htdocs\one\myweike\advanced\frontend\web\index.php(18): yii\base\Application->run()
#4 {main}

Next exception 'yii\web\NotFoundHttpException' with message 'Unable to resolve the request: site/' in D:\xampp\htdocs\one\myweike\advanced\vendor\yiisoft\yii2\web\Application.php:95
Stack trace:
#0 D:\xampp\htdocs\one\myweike\advanced\vendor\yiisoft\yii2\base\Application.php(375): yii\web\Application->handleRequest(Object(yii\web\Request))
#1 D:\xampp\htdocs\one\myweike\advanced\frontend\web\index.php(18): yii\base\Application->run()
#2 {main}
2014-12-05 07:35:13 [127.0.0.1][][-][info][application] $_COOKIE = [
    'PHPSESSID' => 'ips5h2bqebglmju8ee1p6ovot3'
    '_csrf' => 'd07ca65288230e547e491458a9244848fef6300b113785e9483b090937850834s:32:\"EZzWLSWISa4_d2t1d2s7oPxpTKGr1Gqu\";'
]

$_SESSION = [
    '__flash' => []
    '__returnUrl' => '/one/myweike/advanced/backend/web/'
]

$_SERVER = [
    'MIBDIRS' => 'D:/xampp/php/extras/mibs'
    'MYSQL_HOME' => '\\xampp\\mysql\\bin'
    'OPENSSL_CONF' => 'D:/xampp/apache/bin/openssl.cnf'
    'PHP_PEAR_SYSCONF_DIR' => '\\xampp\\php'
    'PHPRC' => '\\xampp\\php'
    'TMP' => '\\xampp\\tmp'
    'HTTP_HOST' => 'localhost'
    'HTTP_USER_AGENT' => 'Mozilla/5.0 (Windows NT 6.1; WOW64; rv:34.0) Gecko/20100101 Firefox/34.0'
    'HTTP_ACCEPT' => 'text/html,application/xhtml+xml,application/xml;q=0.9,*/*;q=0.8'
    'HTTP_ACCEPT_LANGUAGE' => 'zh-cn,zh;q=0.8,en-us;q=0.5,en;q=0.3'
    'HTTP_ACCEPT_ENCODING' => 'gzip, deflate'
    'HTTP_COOKIE' => 'PHPSESSID=ips5h2bqebglmju8ee1p6ovot3; _csrf=d07ca65288230e547e491458a9244848fef6300b113785e9483b090937850834s%3A32%3A%22EZzWLSWISa4_d2t1d2s7oPxpTKGr1Gqu%22%3B'
    'HTTP_CONNECTION' => 'keep-alive'
    'PATH' => 'C:\\Program Files\\Broadcom\\Broadcom 802.11 Network Adapter\\Driver;D:\\web\\php\\;C:\\Windows\\system32;C:\\Windows;C:\\Windows\\System32\\Wbem;C:\\Windows\\System32\\WindowsPowerShell\\v1.0\\;D:\\Program Files (x86)\\SVN\\bin;D:\\web\\mysql\\bin;D:\\Program Files\\Java\\jdk1.8.0_25\\bin;D:\\Program Files\\Java\\jdk1.8.0_25\\jre\\bin;D:\\Program Files\\TortoiseGit\\bin;C:\\ProgramData\\ComposerSetup\\bin'
    'SystemRoot' => 'C:\\Windows'
    'COMSPEC' => 'C:\\Windows\\system32\\cmd.exe'
    'PATHEXT' => '.COM;.EXE;.BAT;.CMD;.VBS;.VBE;.JS;.JSE;.WSF;.WSH;.MSC'
    'WINDIR' => 'C:\\Windows'
    'SERVER_SIGNATURE' => '<address>Apache/2.4.4 (Win32) OpenSSL/1.0.1e PHP/5.5.1 Server at localhost Port 80</address>
'
    'SERVER_SOFTWARE' => 'Apache/2.4.4 (Win32) OpenSSL/1.0.1e PHP/5.5.1'
    'SERVER_NAME' => 'localhost'
    'SERVER_ADDR' => '127.0.0.1'
    'SERVER_PORT' => '80'
    'REMOTE_ADDR' => '127.0.0.1'
    'DOCUMENT_ROOT' => 'D:/xampp/htdocs'
    'REQUEST_SCHEME' => 'http'
    'CONTEXT_PREFIX' => ''
    'CONTEXT_DOCUMENT_ROOT' => 'D:/xampp/htdocs'
    'SERVER_ADMIN' => 'postmaster@localhost'
    'SCRIPT_FILENAME' => 'D:/xampp/htdocs/one/myweike/advanced/frontend/web/index.php'
    'REMOTE_PORT' => '59602'
    'GATEWAY_INTERFACE' => 'CGI/1.1'
    'SERVER_PROTOCOL' => 'HTTP/1.1'
    'REQUEST_METHOD' => 'GET'
    'QUERY_STRING' => ''
    'REQUEST_URI' => '/one/myweike/advanced/frontend/web/'
    'SCRIPT_NAME' => '/one/myweike/advanced/frontend/web/index.php'
    'PHP_SELF' => '/one/myweike/advanced/frontend/web/index.php'
    'REQUEST_TIME_FLOAT' => 1417761313.313
    'REQUEST_TIME' => 1417761313
]
2014-12-05 07:35:14 [127.0.0.1][][-][error][yii\web\HttpException:404] exception 'yii\base\InvalidRouteException' with message 'Unable to resolve the request: site/' in D:\xampp\htdocs\one\myweike\advanced\vendor\yiisoft\yii2\base\Controller.php:122
Stack trace:
#0 D:\xampp\htdocs\one\myweike\advanced\vendor\yiisoft\yii2\base\Module.php(455): yii\base\Controller->runAction('', Array)
#1 D:\xampp\htdocs\one\myweike\advanced\vendor\yiisoft\yii2\web\Application.php(83): yii\base\Module->runAction('', Array)
#2 D:\xampp\htdocs\one\myweike\advanced\vendor\yiisoft\yii2\base\Application.php(375): yii\web\Application->handleRequest(Object(yii\web\Request))
#3 D:\xampp\htdocs\one\myweike\advanced\frontend\web\index.php(18): yii\base\Application->run()
#4 {main}

Next exception 'yii\web\NotFoundHttpException' with message 'Unable to resolve the request: site/' in D:\xampp\htdocs\one\myweike\advanced\vendor\yiisoft\yii2\web\Application.php:95
Stack trace:
#0 D:\xampp\htdocs\one\myweike\advanced\vendor\yiisoft\yii2\base\Application.php(375): yii\web\Application->handleRequest(Object(yii\web\Request))
#1 D:\xampp\htdocs\one\myweike\advanced\frontend\web\index.php(18): yii\base\Application->run()
#2 {main}
2014-12-05 07:35:14 [127.0.0.1][][-][info][application] $_COOKIE = [
    'PHPSESSID' => 'ips5h2bqebglmju8ee1p6ovot3'
    '_csrf' => 'd07ca65288230e547e491458a9244848fef6300b113785e9483b090937850834s:32:\"EZzWLSWISa4_d2t1d2s7oPxpTKGr1Gqu\";'
]

$_SESSION = [
    '__flash' => []
    '__returnUrl' => '/one/myweike/advanced/backend/web/'
]

$_SERVER = [
    'MIBDIRS' => 'D:/xampp/php/extras/mibs'
    'MYSQL_HOME' => '\\xampp\\mysql\\bin'
    'OPENSSL_CONF' => 'D:/xampp/apache/bin/openssl.cnf'
    'PHP_PEAR_SYSCONF_DIR' => '\\xampp\\php'
    'PHPRC' => '\\xampp\\php'
    'TMP' => '\\xampp\\tmp'
    'HTTP_HOST' => 'localhost'
    'HTTP_USER_AGENT' => 'Mozilla/5.0 (Windows NT 6.1; WOW64; rv:34.0) Gecko/20100101 Firefox/34.0'
    'HTTP_ACCEPT' => 'text/html,application/xhtml+xml,application/xml;q=0.9,*/*;q=0.8'
    'HTTP_ACCEPT_LANGUAGE' => 'zh-cn,zh;q=0.8,en-us;q=0.5,en;q=0.3'
    'HTTP_ACCEPT_ENCODING' => 'gzip, deflate'
    'HTTP_COOKIE' => 'PHPSESSID=ips5h2bqebglmju8ee1p6ovot3; _csrf=d07ca65288230e547e491458a9244848fef6300b113785e9483b090937850834s%3A32%3A%22EZzWLSWISa4_d2t1d2s7oPxpTKGr1Gqu%22%3B'
    'HTTP_CONNECTION' => 'keep-alive'
    'PATH' => 'C:\\Program Files\\Broadcom\\Broadcom 802.11 Network Adapter\\Driver;D:\\web\\php\\;C:\\Windows\\system32;C:\\Windows;C:\\Windows\\System32\\Wbem;C:\\Windows\\System32\\WindowsPowerShell\\v1.0\\;D:\\Program Files (x86)\\SVN\\bin;D:\\web\\mysql\\bin;D:\\Program Files\\Java\\jdk1.8.0_25\\bin;D:\\Program Files\\Java\\jdk1.8.0_25\\jre\\bin;D:\\Program Files\\TortoiseGit\\bin;C:\\ProgramData\\ComposerSetup\\bin'
    'SystemRoot' => 'C:\\Windows'
    'COMSPEC' => 'C:\\Windows\\system32\\cmd.exe'
    'PATHEXT' => '.COM;.EXE;.BAT;.CMD;.VBS;.VBE;.JS;.JSE;.WSF;.WSH;.MSC'
    'WINDIR' => 'C:\\Windows'
    'SERVER_SIGNATURE' => '<address>Apache/2.4.4 (Win32) OpenSSL/1.0.1e PHP/5.5.1 Server at localhost Port 80</address>
'
    'SERVER_SOFTWARE' => 'Apache/2.4.4 (Win32) OpenSSL/1.0.1e PHP/5.5.1'
    'SERVER_NAME' => 'localhost'
    'SERVER_ADDR' => '127.0.0.1'
    'SERVER_PORT' => '80'
    'REMOTE_ADDR' => '127.0.0.1'
    'DOCUMENT_ROOT' => 'D:/xampp/htdocs'
    'REQUEST_SCHEME' => 'http'
    'CONTEXT_PREFIX' => ''
    'CONTEXT_DOCUMENT_ROOT' => 'D:/xampp/htdocs'
    'SERVER_ADMIN' => 'postmaster@localhost'
    'SCRIPT_FILENAME' => 'D:/xampp/htdocs/one/myweike/advanced/frontend/web/index.php'
    'REMOTE_PORT' => '59602'
    'GATEWAY_INTERFACE' => 'CGI/1.1'
    'SERVER_PROTOCOL' => 'HTTP/1.1'
    'REQUEST_METHOD' => 'GET'
    'QUERY_STRING' => ''
    'REQUEST_URI' => '/one/myweike/advanced/frontend/web/'
    'SCRIPT_NAME' => '/one/myweike/advanced/frontend/web/index.php'
    'PHP_SELF' => '/one/myweike/advanced/frontend/web/index.php'
    'REQUEST_TIME_FLOAT' => 1417761313.992
    'REQUEST_TIME' => 1417761313
]
2014-12-05 07:35:14 [127.0.0.1][][-][error][yii\web\HttpException:404] exception 'yii\base\InvalidRouteException' with message 'Unable to resolve the request: site/' in D:\xampp\htdocs\one\myweike\advanced\vendor\yiisoft\yii2\base\Controller.php:122
Stack trace:
#0 D:\xampp\htdocs\one\myweike\advanced\vendor\yiisoft\yii2\base\Module.php(455): yii\base\Controller->runAction('', Array)
#1 D:\xampp\htdocs\one\myweike\advanced\vendor\yiisoft\yii2\web\Application.php(83): yii\base\Module->runAction('', Array)
#2 D:\xampp\htdocs\one\myweike\advanced\vendor\yiisoft\yii2\base\Application.php(375): yii\web\Application->handleRequest(Object(yii\web\Request))
#3 D:\xampp\htdocs\one\myweike\advanced\frontend\web\index.php(18): yii\base\Application->run()
#4 {main}

Next exception 'yii\web\NotFoundHttpException' with message 'Unable to resolve the request: site/' in D:\xampp\htdocs\one\myweike\advanced\vendor\yiisoft\yii2\web\Application.php:95
Stack trace:
#0 D:\xampp\htdocs\one\myweike\advanced\vendor\yiisoft\yii2\base\Application.php(375): yii\web\Application->handleRequest(Object(yii\web\Request))
#1 D:\xampp\htdocs\one\myweike\advanced\frontend\web\index.php(18): yii\base\Application->run()
#2 {main}
2014-12-05 07:35:14 [127.0.0.1][][-][info][application] $_COOKIE = [
    'PHPSESSID' => 'ips5h2bqebglmju8ee1p6ovot3'
    '_csrf' => 'd07ca65288230e547e491458a9244848fef6300b113785e9483b090937850834s:32:\"EZzWLSWISa4_d2t1d2s7oPxpTKGr1Gqu\";'
]

$_SESSION = [
    '__flash' => []
    '__returnUrl' => '/one/myweike/advanced/backend/web/'
]

$_SERVER = [
    'MIBDIRS' => 'D:/xampp/php/extras/mibs'
    'MYSQL_HOME' => '\\xampp\\mysql\\bin'
    'OPENSSL_CONF' => 'D:/xampp/apache/bin/openssl.cnf'
    'PHP_PEAR_SYSCONF_DIR' => '\\xampp\\php'
    'PHPRC' => '\\xampp\\php'
    'TMP' => '\\xampp\\tmp'
    'HTTP_HOST' => 'localhost'
    'HTTP_USER_AGENT' => 'Mozilla/5.0 (Windows NT 6.1; WOW64; rv:34.0) Gecko/20100101 Firefox/34.0'
    'HTTP_ACCEPT' => 'text/html,application/xhtml+xml,application/xml;q=0.9,*/*;q=0.8'
    'HTTP_ACCEPT_LANGUAGE' => 'zh-cn,zh;q=0.8,en-us;q=0.5,en;q=0.3'
    'HTTP_ACCEPT_ENCODING' => 'gzip, deflate'
    'HTTP_COOKIE' => 'PHPSESSID=ips5h2bqebglmju8ee1p6ovot3; _csrf=d07ca65288230e547e491458a9244848fef6300b113785e9483b090937850834s%3A32%3A%22EZzWLSWISa4_d2t1d2s7oPxpTKGr1Gqu%22%3B'
    'HTTP_CONNECTION' => 'keep-alive'
    'PATH' => 'C:\\Program Files\\Broadcom\\Broadcom 802.11 Network Adapter\\Driver;D:\\web\\php\\;C:\\Windows\\system32;C:\\Windows;C:\\Windows\\System32\\Wbem;C:\\Windows\\System32\\WindowsPowerShell\\v1.0\\;D:\\Program Files (x86)\\SVN\\bin;D:\\web\\mysql\\bin;D:\\Program Files\\Java\\jdk1.8.0_25\\bin;D:\\Program Files\\Java\\jdk1.8.0_25\\jre\\bin;D:\\Program Files\\TortoiseGit\\bin;C:\\ProgramData\\ComposerSetup\\bin'
    'SystemRoot' => 'C:\\Windows'
    'COMSPEC' => 'C:\\Windows\\system32\\cmd.exe'
    'PATHEXT' => '.COM;.EXE;.BAT;.CMD;.VBS;.VBE;.JS;.JSE;.WSF;.WSH;.MSC'
    'WINDIR' => 'C:\\Windows'
    'SERVER_SIGNATURE' => '<address>Apache/2.4.4 (Win32) OpenSSL/1.0.1e PHP/5.5.1 Server at localhost Port 80</address>
'
    'SERVER_SOFTWARE' => 'Apache/2.4.4 (Win32) OpenSSL/1.0.1e PHP/5.5.1'
    'SERVER_NAME' => 'localhost'
    'SERVER_ADDR' => '127.0.0.1'
    'SERVER_PORT' => '80'
    'REMOTE_ADDR' => '127.0.0.1'
    'DOCUMENT_ROOT' => 'D:/xampp/htdocs'
    'REQUEST_SCHEME' => 'http'
    'CONTEXT_PREFIX' => ''
    'CONTEXT_DOCUMENT_ROOT' => 'D:/xampp/htdocs'
    'SERVER_ADMIN' => 'postmaster@localhost'
    'SCRIPT_FILENAME' => 'D:/xampp/htdocs/one/myweike/advanced/frontend/web/index.php'
    'REMOTE_PORT' => '59602'
    'GATEWAY_INTERFACE' => 'CGI/1.1'
    'SERVER_PROTOCOL' => 'HTTP/1.1'
    'REQUEST_METHOD' => 'GET'
    'QUERY_STRING' => ''
    'REQUEST_URI' => '/one/myweike/advanced/frontend/web/'
    'SCRIPT_NAME' => '/one/myweike/advanced/frontend/web/index.php'
    'PHP_SELF' => '/one/myweike/advanced/frontend/web/index.php'
    'REQUEST_TIME_FLOAT' => 1417761314.787
    'REQUEST_TIME' => 1417761314
]
2014-12-05 07:35:15 [127.0.0.1][][-][error][yii\web\HttpException:404] exception 'yii\base\InvalidRouteException' with message 'Unable to resolve the request: site/' in D:\xampp\htdocs\one\myweike\advanced\vendor\yiisoft\yii2\base\Controller.php:122
Stack trace:
#0 D:\xampp\htdocs\one\myweike\advanced\vendor\yiisoft\yii2\base\Module.php(455): yii\base\Controller->runAction('', Array)
#1 D:\xampp\htdocs\one\myweike\advanced\vendor\yiisoft\yii2\web\Application.php(83): yii\base\Module->runAction('', Array)
#2 D:\xampp\htdocs\one\myweike\advanced\vendor\yiisoft\yii2\base\Application.php(375): yii\web\Application->handleRequest(Object(yii\web\Request))
#3 D:\xampp\htdocs\one\myweike\advanced\frontend\web\index.php(18): yii\base\Application->run()
#4 {main}

Next exception 'yii\web\NotFoundHttpException' with message 'Unable to resolve the request: site/' in D:\xampp\htdocs\one\myweike\advanced\vendor\yiisoft\yii2\web\Application.php:95
Stack trace:
#0 D:\xampp\htdocs\one\myweike\advanced\vendor\yiisoft\yii2\base\Application.php(375): yii\web\Application->handleRequest(Object(yii\web\Request))
#1 D:\xampp\htdocs\one\myweike\advanced\frontend\web\index.php(18): yii\base\Application->run()
#2 {main}
2014-12-05 07:35:15 [127.0.0.1][][-][info][application] $_COOKIE = [
    'PHPSESSID' => 'ips5h2bqebglmju8ee1p6ovot3'
    '_csrf' => 'd07ca65288230e547e491458a9244848fef6300b113785e9483b090937850834s:32:\"EZzWLSWISa4_d2t1d2s7oPxpTKGr1Gqu\";'
]

$_SESSION = [
    '__flash' => []
    '__returnUrl' => '/one/myweike/advanced/backend/web/'
]

$_SERVER = [
    'MIBDIRS' => 'D:/xampp/php/extras/mibs'
    'MYSQL_HOME' => '\\xampp\\mysql\\bin'
    'OPENSSL_CONF' => 'D:/xampp/apache/bin/openssl.cnf'
    'PHP_PEAR_SYSCONF_DIR' => '\\xampp\\php'
    'PHPRC' => '\\xampp\\php'
    'TMP' => '\\xampp\\tmp'
    'HTTP_HOST' => 'localhost'
    'HTTP_USER_AGENT' => 'Mozilla/5.0 (Windows NT 6.1; WOW64; rv:34.0) Gecko/20100101 Firefox/34.0'
    'HTTP_ACCEPT' => 'text/html,application/xhtml+xml,application/xml;q=0.9,*/*;q=0.8'
    'HTTP_ACCEPT_LANGUAGE' => 'zh-cn,zh;q=0.8,en-us;q=0.5,en;q=0.3'
    'HTTP_ACCEPT_ENCODING' => 'gzip, deflate'
    'HTTP_COOKIE' => 'PHPSESSID=ips5h2bqebglmju8ee1p6ovot3; _csrf=d07ca65288230e547e491458a9244848fef6300b113785e9483b090937850834s%3A32%3A%22EZzWLSWISa4_d2t1d2s7oPxpTKGr1Gqu%22%3B'
    'HTTP_CONNECTION' => 'keep-alive'
    'PATH' => 'C:\\Program Files\\Broadcom\\Broadcom 802.11 Network Adapter\\Driver;D:\\web\\php\\;C:\\Windows\\system32;C:\\Windows;C:\\Windows\\System32\\Wbem;C:\\Windows\\System32\\WindowsPowerShell\\v1.0\\;D:\\Program Files (x86)\\SVN\\bin;D:\\web\\mysql\\bin;D:\\Program Files\\Java\\jdk1.8.0_25\\bin;D:\\Program Files\\Java\\jdk1.8.0_25\\jre\\bin;D:\\Program Files\\TortoiseGit\\bin;C:\\ProgramData\\ComposerSetup\\bin'
    'SystemRoot' => 'C:\\Windows'
    'COMSPEC' => 'C:\\Windows\\system32\\cmd.exe'
    'PATHEXT' => '.COM;.EXE;.BAT;.CMD;.VBS;.VBE;.JS;.JSE;.WSF;.WSH;.MSC'
    'WINDIR' => 'C:\\Windows'
    'SERVER_SIGNATURE' => '<address>Apache/2.4.4 (Win32) OpenSSL/1.0.1e PHP/5.5.1 Server at localhost Port 80</address>
'
    'SERVER_SOFTWARE' => 'Apache/2.4.4 (Win32) OpenSSL/1.0.1e PHP/5.5.1'
    'SERVER_NAME' => 'localhost'
    'SERVER_ADDR' => '127.0.0.1'
    'SERVER_PORT' => '80'
    'REMOTE_ADDR' => '127.0.0.1'
    'DOCUMENT_ROOT' => 'D:/xampp/htdocs'
    'REQUEST_SCHEME' => 'http'
    'CONTEXT_PREFIX' => ''
    'CONTEXT_DOCUMENT_ROOT' => 'D:/xampp/htdocs'
    'SERVER_ADMIN' => 'postmaster@localhost'
    'SCRIPT_FILENAME' => 'D:/xampp/htdocs/one/myweike/advanced/frontend/web/index.php'
    'REMOTE_PORT' => '59602'
    'GATEWAY_INTERFACE' => 'CGI/1.1'
    'SERVER_PROTOCOL' => 'HTTP/1.1'
    'REQUEST_METHOD' => 'GET'
    'QUERY_STRING' => ''
    'REQUEST_URI' => '/one/myweike/advanced/frontend/web/'
    'SCRIPT_NAME' => '/one/myweike/advanced/frontend/web/index.php'
    'PHP_SELF' => '/one/myweike/advanced/frontend/web/index.php'
    'REQUEST_TIME_FLOAT' => 1417761315.708
    'REQUEST_TIME' => 1417761315
]
2014-12-05 07:35:16 [127.0.0.1][][-][error][yii\web\HttpException:404] exception 'yii\base\InvalidRouteException' with message 'Unable to resolve the request: site/' in D:\xampp\htdocs\one\myweike\advanced\vendor\yiisoft\yii2\base\Controller.php:122
Stack trace:
#0 D:\xampp\htdocs\one\myweike\advanced\vendor\yiisoft\yii2\base\Module.php(455): yii\base\Controller->runAction('', Array)
#1 D:\xampp\htdocs\one\myweike\advanced\vendor\yiisoft\yii2\web\Application.php(83): yii\base\Module->runAction('', Array)
#2 D:\xampp\htdocs\one\myweike\advanced\vendor\yiisoft\yii2\base\Application.php(375): yii\web\Application->handleRequest(Object(yii\web\Request))
#3 D:\xampp\htdocs\one\myweike\advanced\frontend\web\index.php(18): yii\base\Application->run()
#4 {main}

Next exception 'yii\web\NotFoundHttpException' with message 'Unable to resolve the request: site/' in D:\xampp\htdocs\one\myweike\advanced\vendor\yiisoft\yii2\web\Application.php:95
Stack trace:
#0 D:\xampp\htdocs\one\myweike\advanced\vendor\yiisoft\yii2\base\Application.php(375): yii\web\Application->handleRequest(Object(yii\web\Request))
#1 D:\xampp\htdocs\one\myweike\advanced\frontend\web\index.php(18): yii\base\Application->run()
#2 {main}
2014-12-05 07:35:16 [127.0.0.1][][-][info][application] $_COOKIE = [
    'PHPSESSID' => 'ips5h2bqebglmju8ee1p6ovot3'
    '_csrf' => 'd07ca65288230e547e491458a9244848fef6300b113785e9483b090937850834s:32:\"EZzWLSWISa4_d2t1d2s7oPxpTKGr1Gqu\";'
]

$_SESSION = [
    '__flash' => []
    '__returnUrl' => '/one/myweike/advanced/backend/web/'
]

$_SERVER = [
    'MIBDIRS' => 'D:/xampp/php/extras/mibs'
    'MYSQL_HOME' => '\\xampp\\mysql\\bin'
    'OPENSSL_CONF' => 'D:/xampp/apache/bin/openssl.cnf'
    'PHP_PEAR_SYSCONF_DIR' => '\\xampp\\php'
    'PHPRC' => '\\xampp\\php'
    'TMP' => '\\xampp\\tmp'
    'HTTP_HOST' => 'localhost'
    'HTTP_USER_AGENT' => 'Mozilla/5.0 (Windows NT 6.1; WOW64; rv:34.0) Gecko/20100101 Firefox/34.0'
    'HTTP_ACCEPT' => 'text/html,application/xhtml+xml,application/xml;q=0.9,*/*;q=0.8'
    'HTTP_ACCEPT_LANGUAGE' => 'zh-cn,zh;q=0.8,en-us;q=0.5,en;q=0.3'
    'HTTP_ACCEPT_ENCODING' => 'gzip, deflate'
    'HTTP_COOKIE' => 'PHPSESSID=ips5h2bqebglmju8ee1p6ovot3; _csrf=d07ca65288230e547e491458a9244848fef6300b113785e9483b090937850834s%3A32%3A%22EZzWLSWISa4_d2t1d2s7oPxpTKGr1Gqu%22%3B'
    'HTTP_CONNECTION' => 'keep-alive'
    'PATH' => 'C:\\Program Files\\Broadcom\\Broadcom 802.11 Network Adapter\\Driver;D:\\web\\php\\;C:\\Windows\\system32;C:\\Windows;C:\\Windows\\System32\\Wbem;C:\\Windows\\System32\\WindowsPowerShell\\v1.0\\;D:\\Program Files (x86)\\SVN\\bin;D:\\web\\mysql\\bin;D:\\Program Files\\Java\\jdk1.8.0_25\\bin;D:\\Program Files\\Java\\jdk1.8.0_25\\jre\\bin;D:\\Program Files\\TortoiseGit\\bin;C:\\ProgramData\\ComposerSetup\\bin'
    'SystemRoot' => 'C:\\Windows'
    'COMSPEC' => 'C:\\Windows\\system32\\cmd.exe'
    'PATHEXT' => '.COM;.EXE;.BAT;.CMD;.VBS;.VBE;.JS;.JSE;.WSF;.WSH;.MSC'
    'WINDIR' => 'C:\\Windows'
    'SERVER_SIGNATURE' => '<address>Apache/2.4.4 (Win32) OpenSSL/1.0.1e PHP/5.5.1 Server at localhost Port 80</address>
'
    'SERVER_SOFTWARE' => 'Apache/2.4.4 (Win32) OpenSSL/1.0.1e PHP/5.5.1'
    'SERVER_NAME' => 'localhost'
    'SERVER_ADDR' => '127.0.0.1'
    'SERVER_PORT' => '80'
    'REMOTE_ADDR' => '127.0.0.1'
    'DOCUMENT_ROOT' => 'D:/xampp/htdocs'
    'REQUEST_SCHEME' => 'http'
    'CONTEXT_PREFIX' => ''
    'CONTEXT_DOCUMENT_ROOT' => 'D:/xampp/htdocs'
    'SERVER_ADMIN' => 'postmaster@localhost'
    'SCRIPT_FILENAME' => 'D:/xampp/htdocs/one/myweike/advanced/frontend/web/index.php'
    'REMOTE_PORT' => '59602'
    'GATEWAY_INTERFACE' => 'CGI/1.1'
    'SERVER_PROTOCOL' => 'HTTP/1.1'
    'REQUEST_METHOD' => 'GET'
    'QUERY_STRING' => ''
    'REQUEST_URI' => '/one/myweike/advanced/frontend/web/'
    'SCRIPT_NAME' => '/one/myweike/advanced/frontend/web/index.php'
    'PHP_SELF' => '/one/myweike/advanced/frontend/web/index.php'
    'REQUEST_TIME_FLOAT' => 1417761316.31
    'REQUEST_TIME' => 1417761316
]
